2023-09-16 22:38:05.633 [info] Getting Manifest... ritwickdey.liveserver
2023-09-16 22:38:05.653 [info] Installing extension: ritwickdey.liveserver
2023-09-16 22:38:14.618 [warning] Extension signature verification failed with error 'UnknownError': ritwickdey.liveserver
2023-09-16 22:38:16.622 [info] Extracted extension to file:///home/rzqh/.vscode/extensions/ritwickdey.liveserver-5.7.9: ritwickdey.liveserver
2023-09-16 22:38:16.626 [info] Renamed to /home/rzqh/.vscode/extensions/ritwickdey.liveserver-5.7.9
2023-09-16 22:38:16.628 [info] Extracting extension completed. ritwickdey.liveserver
2023-09-16 22:38:16.636 [info] Extension installed successfully: ritwickdey.liveserver
2023-09-16 22:38:16.690 [info] Getting Manifest... ecmel.vscode-html-css
2023-09-16 22:38:16.698 [info] Installing extension: ecmel.vscode-html-css
2023-09-16 22:38:17.675 [warning] Extension signature verification failed with error 'UnknownError': ecmel.vscode-html-css
2023-09-16 22:38:17.690 [info] Extracted extension to file:///home/rzqh/.vscode/extensions/ecmel.vscode-html-css-1.13.1: ecmel.vscode-html-css
2023-09-16 22:38:17.692 [info] Renamed to /home/rzqh/.vscode/extensions/ecmel.vscode-html-css-1.13.1
2023-09-16 22:38:17.693 [info] Extracting extension completed. ecmel.vscode-html-css
2023-09-16 22:38:17.699 [info] Extension installed successfully: ecmel.vscode-html-css
2023-09-16 22:38:25.925 [info] Getting Manifest... bradlc.vscode-tailwindcss
2023-09-16 22:38:25.935 [info] Installing extension: bradlc.vscode-tailwindcss
2023-09-16 22:38:28.138 [warning] Extension signature verification failed with error 'UnknownError': bradlc.vscode-tailwindcss
2023-09-16 22:38:28.195 [info] Extracted extension to file:///home/rzqh/.vscode/extensions/bradlc.vscode-tailwindcss-0.10.0: bradlc.vscode-tailwindcss
2023-09-16 22:38:28.198 [info] Renamed to /home/rzqh/.vscode/extensions/bradlc.vscode-tailwindcss-0.10.0
2023-09-16 22:38:28.200 [info] Extracting extension completed. bradlc.vscode-tailwindcss
2023-09-16 22:38:28.209 [info] Extension installed successfully: bradlc.vscode-tailwindcss
2023-09-16 22:38:42.905 [info] Getting Manifest... ms-python.python
2023-09-16 22:38:42.913 [info] Installing extension: ms-python.python
2023-09-16 22:38:45.074 [info] Getting Manifest... ms-python.vscode-pylance
2023-09-16 22:38:45.296 [info] Installing extension: ms-python.vscode-pylance ms-python.python
2023-09-16 22:39:03.875 [warning] Extension signature verification failed with error 'UnknownError': ms-python.python
2023-09-16 22:39:05.016 [info] Extracted extension to file:///home/rzqh/.vscode/extensions/ms-python.python-2023.16.0: ms-python.python
2023-09-16 22:39:05.028 [info] Renamed to /home/rzqh/.vscode/extensions/ms-python.python-2023.16.0
2023-09-16 22:39:05.035 [info] Extracting extension completed. ms-python.python
2023-09-16 22:39:23.361 [warning] Extension signature verification failed with error 'UnknownError': ms-python.vscode-pylance
2023-09-16 22:39:25.551 [info] Extracted extension to file:///home/rzqh/.vscode/extensions/ms-python.vscode-pylance-2023.9.10: ms-python.vscode-pylance
2023-09-16 22:39:25.564 [info] Renamed to /home/rzqh/.vscode/extensions/ms-python.vscode-pylance-2023.9.10
2023-09-16 22:39:25.568 [info] Extracting extension completed. ms-python.vscode-pylance
2023-09-16 22:39:25.579 [info] Extension installed successfully: ms-python.python
2023-09-16 22:39:25.580 [info] Extension installed successfully: ms-python.vscode-pylance
