2023-09-17 22:37:12.184 [info] Added views:workbench.panel.markers.view in workbench.panel.markers
2023-09-17 22:37:12.184 [info] Added views:workbench.panel.output in workbench.panel.output
2023-09-17 22:37:12.184 [info] Added views:terminal in terminal
2023-09-17 22:37:12.184 [info] Added views:outline in workbench.view.explorer
2023-09-17 22:37:12.184 [info] Added views:workbench.scm in workbench.view.scm
2023-09-17 22:37:12.184 [info] Added views:workbench.view.search in workbench.view.search
2023-09-17 22:37:12.184 [info] Added views:timeline in workbench.view.explorer
2023-09-17 22:37:12.184 [info] Added views:workbench.explorer.emptyView in workbench.view.explorer
2023-09-17 22:37:12.441 [info] Added views:gitlens.views.home,gitlens.views.workspaces,gitlens.views.account in workbench.view.extension.gitlens
2023-09-17 22:37:12.441 [info] Added views:gitlens.views.commitDetails,gitlens.views.lineHistory,gitlens.views.fileHistory,gitlens.views.searchAndCompare in workbench.view.extension.gitlensInspect
2023-09-17 22:37:12.442 [info] Added views:gitlens.views.commits,gitlens.views.branches,gitlens.views.remotes,gitlens.views.stashes,gitlens.views.tags,gitlens.views.contributors in workbench.view.scm
2023-09-17 22:37:12.443 [info] Added views:dockerContainers,dockerImages,dockerRegistries,dockerNetworks,dockerVolumes,vscode-docker.views.dockerContexts,vscode-docker.views.help in workbench.view.extension.dockerView
2023-09-17 22:37:12.709 [info] Added views:workbench.debug.welcome in workbench.view.debug
2023-09-17 22:37:12.835 [info] Added views:workbench.panel.repl.view in workbench.panel.repl
2023-09-17 22:37:13.386 [info] Added views:~remote.forwardedPorts in ~remote.forwardedPortsContainer
2023-09-17 22:37:13.512 [info] Removed views:gitlens.views.searchAndCompare,gitlens.views.fileHistory,gitlens.views.lineHistory,gitlens.views.commitDetails from workbench.view.extension.gitlensInspect
2023-09-17 22:37:13.512 [info] Removed views:gitlens.views.contributors,gitlens.views.tags,gitlens.views.stashes,gitlens.views.remotes,gitlens.views.branches,gitlens.views.commits from workbench.view.scm
2023-09-17 22:37:13.717 [info] Added views:gitlens.views.commitDetails,gitlens.views.lineHistory,gitlens.views.fileHistory,gitlens.views.searchAndCompare in workbench.view.extension.gitlensInspect
2023-09-17 22:37:13.718 [info] Added views:gitlens.views.commits,gitlens.views.branches,gitlens.views.remotes,gitlens.views.stashes,gitlens.views.tags,gitlens.views.contributors in workbench.view.scm
2023-09-17 22:37:15.621 [info] Added views:gitlens.views.graph,gitlens.views.graphDetails in workbench.view.extension.gitlensPanel
2023-09-17 22:37:15.623 [info] Added views:gitlens.views.timeline in workbench.view.extension.gitlensInspect
2023-09-17 22:37:15.639 [info] Added views:gitlens.views.worktrees in workbench.view.scm
