2023-09-19 18:17:19.899 [info] Reading sessions from keychain...
2023-09-19 18:17:19.899 [info] Getting sessions for all scopes...
2023-09-19 18:17:19.905 [info] Getting sessions for read:user,repo,user:email...
2023-09-19 18:17:19.905 [info] Got 0 sessions for ...
2023-09-19 18:17:19.905 [info] Got 0 sessions for read:user,repo,user:email...
2023-09-19 18:17:20.114 [info] Getting sessions for all scopes...
2023-09-19 18:17:20.114 [info] Got 0 sessions for ...
2023-09-19 18:17:20.140 [info] Getting sessions for user:email...
2023-09-19 18:17:20.140 [info] Got 0 sessions for user:email...
2023-09-19 18:17:20.276 [info] Getting sessions for all scopes...
2023-09-19 18:17:20.276 [info] Got 0 sessions for ...
2023-09-19 18:17:54.315 [info] Reading sessions from keychain...
2023-09-19 18:17:54.315 [info] Getting sessions for all scopes...
2023-09-19 18:17:54.315 [info] Getting sessions for user:email...
2023-09-19 18:17:54.315 [info] Got 0 sessions for ...
2023-09-19 18:17:54.315 [info] Got 0 sessions for user:email...
2023-09-19 18:17:54.315 [info] Getting sessions for all scopes...
2023-09-19 18:17:54.315 [info] Got 0 sessions for ...
2023-09-19 18:17:54.370 [info] Getting sessions for all scopes...
2023-09-19 18:17:54.370 [info] Got 0 sessions for ...
2023-09-19 18:17:54.388 [info] Getting sessions for all scopes...
2023-09-19 18:17:54.388 [info] Got 0 sessions for ...
2023-09-19 18:17:54.428 [info] Getting sessions for read:user,repo,user:email...
2023-09-19 18:17:54.428 [info] Got 0 sessions for read:user,repo,user:email...
2023-09-19 18:17:55.064 [info] Getting sessions for read:user,repo,user:email,workflow...
2023-09-19 18:17:55.065 [info] Got 0 sessions for read:user,repo,user:email,workflow...
