[19:38:08.063][info] [#0:/home/rzqh/.vscode/extensions/sumneko.lua-3.7.0-linux-x64/server/main.lua:66]: Lua Lsp startup, root: 	/home/rzqh/.vscode/extensions/sumneko.lua-3.7.0-linux-x64/server
[19:38:08.063][info] [#0:/home/rzqh/.vscode/extensions/sumneko.lua-3.7.0-linux-x64/server/main.lua:67]: ROOT:	/home/rzqh/.vscode/extensions/sumneko.lua-3.7.0-linux-x64/server
[19:38:08.063][info] [#0:/home/rzqh/.vscode/extensions/sumneko.lua-3.7.0-linux-x64/server/main.lua:68]: LOGPATH:	/home/rzqh/.vscode/extensions/sumneko.lua-3.7.0-linux-x64/server/log
[19:38:08.063][info] [#0:/home/rzqh/.vscode/extensions/sumneko.lua-3.7.0-linux-x64/server/main.lua:69]: METAPATH:	/home/rzqh/.vscode/extensions/sumneko.lua-3.7.0-linux-x64/server/meta
[19:38:08.064][info] [#0:/home/rzqh/.vscode/extensions/sumneko.lua-3.7.0-linux-x64/server/main.lua:70]: VERSION:	3.7.0
[19:38:08.167][info] [#0:script/service/service.lua:144]: 
========= Medical Examination Report =========
    --------------- Memory ---------------
        Total: 2.140 MB
        # 00 : 2.140 MB
        # 01 : 0.000 MB
        # 02 : 0.000 MB
        # 03 : 0.000 MB
        # 04 : 0.000 MB
    --------------- Coroutine ---------------
        Total:     0
        Running:   0
        Suspended: 0
        Normal:    0
        Dead:      0
    --------------- Cache ---------------
        Total: 1
        Dead:  0
    ---------------  RPC  ---------------
        Holdon:   0
        Waiting:  0
==============================================
[19:38:08.180][info] [#0:script/client.lua:657]: Client init	{
  capabilities = {
    general = {
      markdown = {
        allowedTags = { "ul", "li", "p", "code", "blockquote", "ol", "h1", "h2", "h3", "h4", "h5", "h6", "hr", "em", "pre", "table", "thead", "tbody", "tr", "th", "td", "div", "del", "a", "strong", "br", "img", "span" },
        parser = "marked",
        version = "1.1.0"
      },
      positionEncodings = { "utf-16" },
      regularExpressions = {
        engine = "ECMAScript",
        version = "ES2020"
      },
      staleRequestSupport = {
        cancel = true,
        retryOnContentModified = { "textDocument/semanticTokens/full", "textDocument/semanticTokens/range", "textDocument/semanticTokens/full/delta" }
      }
    },
    notebookDocument = {
      synchronization = {
        dynamicRegistration = true,
        executionSummarySupport = true
      }
    },
    textDocument = {
      callHierarchy = {
        dynamicRegistration = true
      },
      codeAction = {
        codeActionLiteralSupport = {
          codeActionKind = {
            valueSet = { "", "quickfix", "refactor", "refactor.extract", "refactor.inline", "refactor.rewrite", "source", "source.organizeImports" }
          }
        },
        dataSupport = true,
        disabledSupport = true,
        dynamicRegistration = true,
        honorsChangeAnnotations = false,
        isPreferredSupport = true,
        resolveSupport = {
          properties = { "edit" }
        }
      },
      codeLens = {
        dynamicRegistration = true
      },
      colorProvider = {
        dynamicRegistration = true
      },
      completion = {
        completionItem = {
          commitCharactersSupport = true,
          deprecatedSupport = true,
          documentationFormat = { "markdown", "plaintext" },
          insertReplaceSupport = true,
          insertTextModeSupport = {
            valueSet = { 1, 2 }
          },
          labelDetailsSupport = true,
          preselectSupport = true,
          resolveSupport = {
            properties = { "documentation", "detail", "additionalTextEdits" }
          },
          snippetSupport = true,
          tagSupport = {
            valueSet = { 1 }
          }
        },
        completionItemKind = {
          valueSet = { 1, 2, 3, 4, 5, 6, 7, 8, 9, 10, 11, 12, 13, 14, 15, 16, 17, 18, 19, 20, 21, 22, 23, 24, 25 }
        },
        completionList = {
          itemDefaults = { "commitCharacters", "editRange", "insertTextFormat", "insertTextMode" }
        },
        contextSupport = true,
        dynamicRegistration = true,
        insertTextMode = 2
      },
      declaration = {
        dynamicRegistration = true,
        linkSupport = true
      },
      definition = {
        dynamicRegistration = true,
        linkSupport = true
      },
      diagnostic = {
        dynamicRegistration = true,
        relatedDocumentSupport = false
      },
      documentHighlight = {
        dynamicRegistration = true
      },
      documentLink = {
        dynamicRegistration = true,
        tooltipSupport = true
      },
      documentSymbol = {
        dynamicRegistration = true,
        hierarchicalDocumentSymbolSupport = true,
        labelSupport = true,
        symbolKind = {
          valueSet = { 1, 2, 3, 4, 5, 6, 7, 8, 9, 10, 11, 12, 13, 14, 15, 16, 17, 18, 19, 20, 21, 22, 23, 24, 25, 26 }
        },
        tagSupport = {
          valueSet = { 1 }
        }
      },
      foldingRange = {
        dynamicRegistration = true,
        foldingRange = {
          collapsedText = false
        },
        foldingRangeKind = {
          valueSet = { "comment", "imports", "region" }
        },
        lineFoldingOnly = true,
        rangeLimit = 5000
      },
      formatting = {
        dynamicRegistration = true
      },
      hover = {
        contentFormat = { "markdown", "plaintext" },
        dynamicRegistration = true
      },
      implementation = {
        dynamicRegistration = true,
        linkSupport = true
      },
      inlayHint = {
        dynamicRegistration = true,
        resolveSupport = {
          properties = { "tooltip", "textEdits", "label.tooltip", "label.location", "label.command" }
        }
      },
      inlineValue = {
        dynamicRegistration = true
      },
      linkedEditingRange = {
        dynamicRegistration = true
      },
      onTypeFormatting = {
        dynamicRegistration = true
      },
      publishDiagnostics = {
        codeDescriptionSupport = true,
        dataSupport = true,
        relatedInformation = true,
        tagSupport = {
          valueSet = { 1, 2 }
        },
        versionSupport = false
      },
      rangeFormatting = {
        dynamicRegistration = true
      },
      references = {
        dynamicRegistration = true
      },
      rename = {
        dynamicRegistration = true,
        honorsChangeAnnotations = true,
        prepareSupport = true,
        prepareSupportDefaultBehavior = 1
      },
      selectionRange = {
        dynamicRegistration = true
      },
      semanticTokens = {
        augmentsSyntaxTokens = true,
        dynamicRegistration = true,
        formats = { "relative" },
        multilineTokenSupport = false,
        overlappingTokenSupport = false,
        requests = {
          full = {
            delta = true
          },
          range = true
        },
        serverCancelSupport = true,
        tokenModifiers = { "declaration", "definition", "readonly", "static", "deprecated", "abstract", "async", "modification", "documentation", "defaultLibrary" },
        tokenTypes = { "namespace", "type", "class", "enum", "interface", "struct", "typeParameter", "parameter", "variable", "property", "enumMember", "event", "function", "method", "macro", "keyword", "modifier", "comment", "string", "number", "regexp", "operator", "decorator" }
      },
      signatureHelp = {
        contextSupport = true,
        dynamicRegistration = true,
        signatureInformation = {
          activeParameterSupport = true,
          documentationFormat = { "markdown", "plaintext" },
          parameterInformation = {
            labelOffsetSupport = true
          }
        }
      },
      synchronization = {
        didSave = true,
        dynamicRegistration = true,
        willSave = true,
        willSaveWaitUntil = true
      },
      typeDefinition = {
        dynamicRegistration = true,
        linkSupport = true
      },
      typeHierarchy = {
        dynamicRegistration = true
      }
    },
    window = {
      showDocument = {
        support = true
      },
      showMessage = {
        messageActionItem = {
          additionalPropertiesSupport = true
        }
      },
      workDoneProgress = true
    },
    workspace = {
      applyEdit = true,
      codeLens = {
        refreshSupport = true
      },
      configuration = true,
      diagnostics = {
        refreshSupport = true
      },
      didChangeConfiguration = {
        dynamicRegistration = true
      },
      didChangeWatchedFiles = {
        dynamicRegistration = true,
        relativePatternSupport = true
      },
      executeCommand = {
        dynamicRegistration = true
      },
      fileOperations = {
        didCreate = true,
        didDelete = true,
        didRename = true,
        dynamicRegistration = true,
        willCreate = true,
        willDelete = true,
        willRename = true
      },
      inlayHint = {
        refreshSupport = true
      },
      inlineValue = {
        refreshSupport = true
      },
      semanticTokens = {
        refreshSupport = true
      },
      symbol = {
        dynamicRegistration = true,
        resolveSupport = {
          properties = { "location.range" }
        },
        symbolKind = {
          valueSet = { 1, 2, 3, 4, 5, 6, 7, 8, 9, 10, 11, 12, 13, 14, 15, 16, 17, 18, 19, 20, 21, 22, 23, 24, 25, 26 }
        },
        tagSupport = {
          valueSet = { 1 }
        }
      },
      workspaceEdit = {
        changeAnnotationSupport = {
          groupsOnLabel = true
        },
        documentChanges = true,
        failureHandling = "textOnlyTransactional",
        normalizesLineEndings = true,
        resourceOperations = { "create", "rename", "delete" }
      },
      workspaceFolders = true
    }
  },
  clientInfo = {
    name = "Visual Studio Code",
    version = "1.82.1"
  },
  initializationOptions = {
    changeConfiguration = true
  },
  locale = "en",
  processId = 9906,
  rootPath = "/home/rzqh/.config/nvim",
  rootUri = "file:///home/rzqh/.config/nvim",
  trace = "off",
  workDoneToken = "7f53160f-dd08-4656-9710-684dec15d969",
  workspaceFolders = { {
      name = "nvim",
      uri = "file:///home/rzqh/.config/nvim"
    } }
}
[19:38:08.180][info] [#0:script/language.lua:137]: VSC language: en
[19:38:08.180][info] [#0:script/language.lua:138]: LS  language: en-us
[19:38:08.180][info] [#0:script/workspace/workspace.lua:38]: Workspace init root: 	file:///home/rzqh/.config/nvim
[19:38:08.180][info] [#0:script/workspace/workspace.lua:42]: Log path: 	/home/rzqh/.vscode/extensions/sumneko.lua-3.7.0-linux-x64/server/log/file_home_rzqh_.config_nvim.log
[19:38:08.181][info] [#0:script/workspace/workspace.lua:48]: Workspace create: 	file:///home/rzqh/.config/nvim
[19:38:08.727][info] [#0:script/provider/provider.lua:46]: Load config from client	file:///home/rzqh/.config/nvim
[19:38:08.733][info] [#0:script/provider/provider.lua:47]: {
  Lua = {
    addonManager = {
      enable = true
    },
    codeLens = {
      enable = false
    },
    completion = {
      autoRequire = true,
      callSnippet = "Disable",
      displayContext = 0,
      enable = true,
      keywordSnippet = "Replace",
      postfix = "@",
      requireSeparator = ".",
      showParams = true,
      showWord = "Fallback",
      workspaceWord = true
    },
    diagnostics = {
      disable = {},
      disableScheme = { "git" },
      enable = true,
      globals = {},
      groupFileStatus = {},
      groupSeverity = {},
      ignoredFiles = "Opened",
      libraryFiles = "Opened",
      neededFileStatus = {},
      severity = {},
      unusedLocalExclude = {},
      workspaceDelay = 3000,
      workspaceEvent = "OnSave",
      workspaceRate = 100
    },
    doc = {
      packageName = {},
      privateName = {},
      protectedName = {}
    },
    format = {
      defaultConfig = {},
      enable = true
    },
    hint = {
      arrayIndex = "Auto",
      await = true,
      enable = false,
      paramName = "All",
      paramType = true,
      semicolon = "SameLine",
      setType = false
    },
    hover = {
      enable = true,
      enumsLimit = 5,
      expandAlias = true,
      previewFields = 50,
      viewNumber = true,
      viewString = true,
      viewStringMax = 1000
    },
    misc = {
      executablePath = "",
      parameters = {}
    },
    nameStyle = {
      config = {}
    },
    runtime = {
      builtin = {},
      fileEncoding = "utf8",
      meta = "${version} ${language} ${encoding}",
      nonstandardSymbol = {},
      path = { "?.lua", "?/init.lua" },
      pathStrict = false,
      plugin = "",
      pluginArgs = {},
      special = {},
      unicodeName = false,
      version = "Lua 5.4"
    },
    semantic = {
      annotation = true,
      enable = true,
      keyword = false,
      variable = true
    },
    signatureHelp = {
      enable = true
    },
    spell = {
      dict = {}
    },
    type = {
      castNumberToInteger = true,
      weakNilCheck = false,
      weakUnionCheck = false
    },
    typeFormat = {
      config = {}
    },
    window = {
      progressBar = true,
      statusBar = true
    },
    workspace = {
      checkThirdParty = true,
      ignoreDir = { ".vscode" },
      ignoreSubmodules = true,
      library = {},
      maxPreload = 5000,
      preloadFileSize = 500,
      useGitIgnore = true,
      userThirdParty = {}
    }
  },
  ["editor.acceptSuggestionOnEnter"] = "on",
  ["editor.semanticHighlighting.enabled"] = "configuredByTheme",
  ["files.associations"] = {},
  ["files.exclude"] = {
    ["**/.DS_Store"] = true,
    ["**/.git"] = true,
    ["**/.hg"] = true,
    ["**/.svn"] = true,
    ["**/CVS"] = true,
    ["**/Thumbs.db"] = true
  }
}
[19:38:08.839][info] [#0:script/provider/completion.lua:43]: Enable completion.
[19:38:08.841][info] [#0:script/provider/provider.lua:61]: Load config from client	fallback
[19:38:08.846][info] [#0:script/provider/provider.lua:62]: {
  Lua = {
    addonManager = {
      enable = true
    },
    codeLens = {
      enable = false
    },
    completion = {
      autoRequire = true,
      callSnippet = "Disable",
      displayContext = 0,
      enable = true,
      keywordSnippet = "Replace",
      postfix = "@",
      requireSeparator = ".",
      showParams = true,
      showWord = "Fallback",
      workspaceWord = true
    },
    diagnostics = {
      disable = {},
      disableScheme = { "git" },
      enable = true,
      globals = {},
      groupFileStatus = {},
      groupSeverity = {},
      ignoredFiles = "Opened",
      libraryFiles = "Opened",
      neededFileStatus = {},
      severity = {},
      unusedLocalExclude = {},
      workspaceDelay = 3000,
      workspaceEvent = "OnSave",
      workspaceRate = 100
    },
    doc = {
      packageName = {},
      privateName = {},
      protectedName = {}
    },
    format = {
      defaultConfig = {},
      enable = true
    },
    hint = {
      arrayIndex = "Auto",
      await = true,
      enable = false,
      paramName = "All",
      paramType = true,
      semicolon = "SameLine",
      setType = false
    },
    hover = {
      enable = true,
      enumsLimit = 5,
      expandAlias = true,
      previewFields = 50,
      viewNumber = true,
      viewString = true,
      viewStringMax = 1000
    },
    misc = {
      executablePath = "",
      parameters = {}
    },
    nameStyle = {
      config = {}
    },
    runtime = {
      builtin = {},
      fileEncoding = "utf8",
      meta = "${version} ${language} ${encoding}",
      nonstandardSymbol = {},
      path = { "?.lua", "?/init.lua" },
      pathStrict = false,
      plugin = "",
      pluginArgs = {},
      special = {},
      unicodeName = false,
      version = "Lua 5.4"
    },
    semantic = {
      annotation = true,
      enable = true,
      keyword = false,
      variable = true
    },
    signatureHelp = {
      enable = true
    },
    spell = {
      dict = {}
    },
    type = {
      castNumberToInteger = true,
      weakNilCheck = false,
      weakUnionCheck = false
    },
    typeFormat = {
      config = {}
    },
    window = {
      progressBar = true,
      statusBar = true
    },
    workspace = {
      checkThirdParty = true,
      ignoreDir = { ".vscode" },
      ignoreSubmodules = true,
      library = {},
      maxPreload = 5000,
      preloadFileSize = 500,
      useGitIgnore = true,
      userThirdParty = {}
    }
  },
  ["editor.acceptSuggestionOnEnter"] = "on",
  ["editor.semanticHighlighting.enabled"] = "configuredByTheme",
  ["files.associations"] = {},
  ["files.exclude"] = {
    ["**/.DS_Store"] = true,
    ["**/.git"] = true,
    ["**/.hg"] = true,
    ["**/.svn"] = true,
    ["**/CVS"] = true,
    ["**/Thumbs.db"] = true
  }
}
[19:38:09.056][info] [#0:script/library.lua:212]: Init builtin library at:	file:///home/rzqh/.config/nvim
[19:38:09.532][info] [#0:script/plugin.lua:86]: plugin path:	/home/rzqh/.config/nvim
[19:38:09.532][warn] [#0:script/plugin.lua:101]: plugin not found:	/home/rzqh/.config/nvim
[19:38:09.533][info] [#0:script/library.lua:212]: Init builtin library at:	nil
[19:38:09.778][info] [#0:script/workspace/workspace.lua:324]: Preload start:	file:///home/rzqh/.config/nvim
[19:38:09.804][info] [#0:script/workspace/workspace.lua:330]: Scan files at:	file:///home/rzqh/.config/nvim
[19:38:09.814][info] [#0:script/workspace/workspace.lua:324]: Preload start:	<fallback>
[19:38:09.833][info] [#0:script/workspace/workspace.lua:353]: Scan library at:	file:///home/rzqh/.vscode/extensions/sumneko.lua-3.7.0-linux-x64/server/meta/Lua%205.4%20en-us%20utf8/io.lua
[19:38:09.861][info] [#0:script/workspace/workspace.lua:353]: Scan library at:	file:///home/rzqh/.vscode/extensions/sumneko.lua-3.7.0-linux-x64/server/meta/Lua%205.4%20en-us%20utf8/debug.lua
[19:38:09.863][info] [#0:script/workspace/workspace.lua:353]: Scan library at:	file:///home/rzqh/.vscode/extensions/sumneko.lua-3.7.0-linux-x64/server/meta/Lua%205.4%20en-us%20utf8/utf8.lua
[19:38:09.870][info] [#0:script/workspace/workspace.lua:353]: Scan library at:	file:///home/rzqh/.vscode/extensions/sumneko.lua-3.7.0-linux-x64/server/meta/Lua%205.4%20en-us%20utf8/package.lua
[19:38:09.872][info] [#0:script/workspace/workspace.lua:353]: Scan library at:	file:///home/rzqh/.vscode/extensions/sumneko.lua-3.7.0-linux-x64/server/meta/Lua%205.4%20en-us%20utf8/math.lua
[19:38:09.874][info] [#0:script/workspace/workspace.lua:353]: Scan library at:	file:///home/rzqh/.vscode/extensions/sumneko.lua-3.7.0-linux-x64/server/meta/Lua%205.4%20en-us%20utf8/os.lua
[19:38:09.876][info] [#0:script/workspace/workspace.lua:353]: Scan library at:	file:///home/rzqh/.vscode/extensions/sumneko.lua-3.7.0-linux-x64/server/meta/Lua%205.4%20en-us%20utf8/string.lua
[19:38:09.878][info] [#0:script/workspace/workspace.lua:353]: Scan library at:	file:///home/rzqh/.vscode/extensions/sumneko.lua-3.7.0-linux-x64/server/meta/Lua%205.4%20en-us%20utf8/builtin.lua
[19:38:09.881][info] [#0:script/workspace/workspace.lua:353]: Scan library at:	file:///home/rzqh/.vscode/extensions/sumneko.lua-3.7.0-linux-x64/server/meta/Lua%205.4%20en-us%20utf8/basic.lua
[19:38:09.884][info] [#0:script/workspace/workspace.lua:353]: Scan library at:	file:///home/rzqh/.vscode/extensions/sumneko.lua-3.7.0-linux-x64/server/meta/Lua%205.4%20en-us%20utf8/coroutine.lua
[19:38:09.886][info] [#0:script/workspace/workspace.lua:353]: Scan library at:	file:///home/rzqh/.vscode/extensions/sumneko.lua-3.7.0-linux-x64/server/meta/Lua%205.4%20en-us%20utf8/table.lua
[19:38:09.907][info] [#0:script/workspace/workspace.lua:353]: Scan library at:	file:///home/rzqh/.vscode/extensions/sumneko.lua-3.7.0-linux-x64/server/meta/Lua%205.4%20en-us%20utf8/io.lua
[19:38:09.908][info] [#0:script/workspace/workspace.lua:353]: Scan library at:	file:///home/rzqh/.vscode/extensions/sumneko.lua-3.7.0-linux-x64/server/meta/Lua%205.4%20en-us%20utf8/debug.lua
[19:38:09.909][info] [#0:script/workspace/workspace.lua:353]: Scan library at:	file:///home/rzqh/.vscode/extensions/sumneko.lua-3.7.0-linux-x64/server/meta/Lua%205.4%20en-us%20utf8/utf8.lua
[19:38:09.911][info] [#0:script/workspace/workspace.lua:353]: Scan library at:	file:///home/rzqh/.vscode/extensions/sumneko.lua-3.7.0-linux-x64/server/meta/Lua%205.4%20en-us%20utf8/package.lua
[19:38:09.912][info] [#0:script/workspace/workspace.lua:353]: Scan library at:	file:///home/rzqh/.vscode/extensions/sumneko.lua-3.7.0-linux-x64/server/meta/Lua%205.4%20en-us%20utf8/math.lua
[19:38:09.913][info] [#0:script/workspace/workspace.lua:353]: Scan library at:	file:///home/rzqh/.vscode/extensions/sumneko.lua-3.7.0-linux-x64/server/meta/Lua%205.4%20en-us%20utf8/os.lua
[19:38:09.914][info] [#0:script/workspace/workspace.lua:353]: Scan library at:	file:///home/rzqh/.vscode/extensions/sumneko.lua-3.7.0-linux-x64/server/meta/Lua%205.4%20en-us%20utf8/string.lua
[19:38:09.915][info] [#0:script/workspace/workspace.lua:353]: Scan library at:	file:///home/rzqh/.vscode/extensions/sumneko.lua-3.7.0-linux-x64/server/meta/Lua%205.4%20en-us%20utf8/builtin.lua
[19:38:09.917][info] [#0:script/workspace/workspace.lua:353]: Scan library at:	file:///home/rzqh/.vscode/extensions/sumneko.lua-3.7.0-linux-x64/server/meta/Lua%205.4%20en-us%20utf8/basic.lua
[19:38:09.918][info] [#0:script/workspace/workspace.lua:353]: Scan library at:	file:///home/rzqh/.vscode/extensions/sumneko.lua-3.7.0-linux-x64/server/meta/Lua%205.4%20en-us%20utf8/coroutine.lua
[19:38:09.919][info] [#0:script/workspace/workspace.lua:353]: Scan library at:	file:///home/rzqh/.vscode/extensions/sumneko.lua-3.7.0-linux-x64/server/meta/Lua%205.4%20en-us%20utf8/table.lua
[19:38:10.021][info] [#0:script/workspace/workspace.lua:379]: Found 11 files at:	<fallback>
[19:38:10.021][info] [#0:script/workspace/loading.lua:161]: Load files from disk:	<fallback>
[19:38:10.022][info] [#0:script/workspace/workspace.lua:379]: Found 40 files at:	file:///home/rzqh/.config/nvim
[19:38:10.022][info] [#0:script/workspace/loading.lua:161]: Load files from disk:	file:///home/rzqh/.config/nvim
[19:38:10.131][info] [#0:script/workspace/loading.lua:101]: Preload file at: file:///home/rzqh/.vscode/extensions/sumneko.lua-3.7.0-linux-x64/server/meta/Lua%205.4%20en-us%20utf8/table.lua , size = 4.336 KB
[19:38:10.191][info] [#0:script/workspace/loading.lua:113]: ++++As library of:	file:///home/rzqh/.vscode/extensions/sumneko.lua-3.7.0-linux-x64/server/meta/Lua%205.4%20en-us%20utf8/table.lua
[19:38:10.191][info] [#0:script/workspace/loading.lua:101]: Preload file at: file:///home/rzqh/.vscode/extensions/sumneko.lua-3.7.0-linux-x64/server/meta/Lua%205.4%20en-us%20utf8/coroutine.lua , size = 2.669 KB
[19:38:10.232][info] [#0:script/workspace/loading.lua:113]: ++++As library of:	file:///home/rzqh/.vscode/extensions/sumneko.lua-3.7.0-linux-x64/server/meta/Lua%205.4%20en-us%20utf8/coroutine.lua
[19:38:10.234][info] [#0:script/workspace/loading.lua:98]: Skip loaded file: file:///home/rzqh/.vscode/extensions/sumneko.lua-3.7.0-linux-x64/server/meta/Lua%205.4%20en-us%20utf8/coroutine.lua
[19:38:10.234][info] [#0:script/workspace/loading.lua:98]: Skip loaded file: file:///home/rzqh/.vscode/extensions/sumneko.lua-3.7.0-linux-x64/server/meta/Lua%205.4%20en-us%20utf8/table.lua
[19:38:10.235][info] [#0:script/workspace/loading.lua:101]: Preload file at: file:///home/rzqh/.vscode/extensions/sumneko.lua-3.7.0-linux-x64/server/meta/Lua%205.4%20en-us%20utf8/basic.lua , size = 15.688 KB
[19:38:10.357][info] [#0:script/workspace/loading.lua:113]: ++++As library of:	file:///home/rzqh/.vscode/extensions/sumneko.lua-3.7.0-linux-x64/server/meta/Lua%205.4%20en-us%20utf8/basic.lua
[19:38:10.358][info] [#0:script/workspace/loading.lua:98]: Skip loaded file: file:///home/rzqh/.vscode/extensions/sumneko.lua-3.7.0-linux-x64/server/meta/Lua%205.4%20en-us%20utf8/basic.lua
[19:38:10.358][info] [#0:script/workspace/loading.lua:101]: Preload file at: file:///home/rzqh/.vscode/extensions/sumneko.lua-3.7.0-linux-x64/server/meta/Lua%205.4%20en-us%20utf8/builtin.lua , size = 0.302 KB
[19:38:10.367][info] [#0:script/workspace/loading.lua:113]: ++++As library of:	file:///home/rzqh/.vscode/extensions/sumneko.lua-3.7.0-linux-x64/server/meta/Lua%205.4%20en-us%20utf8/builtin.lua
[19:38:10.368][info] [#0:script/workspace/loading.lua:98]: Skip loaded file: file:///home/rzqh/.vscode/extensions/sumneko.lua-3.7.0-linux-x64/server/meta/Lua%205.4%20en-us%20utf8/builtin.lua
[19:38:10.368][info] [#0:script/workspace/loading.lua:101]: Preload file at: file:///home/rzqh/.vscode/extensions/sumneko.lua-3.7.0-linux-x64/server/meta/Lua%205.4%20en-us%20utf8/string.lua , size = 6.561 KB
[19:38:10.437][info] [#0:script/workspace/loading.lua:113]: ++++As library of:	file:///home/rzqh/.vscode/extensions/sumneko.lua-3.7.0-linux-x64/server/meta/Lua%205.4%20en-us%20utf8/string.lua
[19:38:10.437][info] [#0:script/workspace/loading.lua:98]: Skip loaded file: file:///home/rzqh/.vscode/extensions/sumneko.lua-3.7.0-linux-x64/server/meta/Lua%205.4%20en-us%20utf8/string.lua
[19:38:10.438][info] [#0:script/workspace/loading.lua:101]: Preload file at: file:///home/rzqh/.vscode/extensions/sumneko.lua-3.7.0-linux-x64/server/meta/Lua%205.4%20en-us%20utf8/os.lua , size = 5.863 KB
[19:38:10.487][info] [#0:script/workspace/loading.lua:113]: ++++As library of:	file:///home/rzqh/.vscode/extensions/sumneko.lua-3.7.0-linux-x64/server/meta/Lua%205.4%20en-us%20utf8/os.lua
[19:38:10.488][info] [#0:script/workspace/loading.lua:98]: Skip loaded file: file:///home/rzqh/.vscode/extensions/sumneko.lua-3.7.0-linux-x64/server/meta/Lua%205.4%20en-us%20utf8/os.lua
[19:38:10.489][info] [#0:script/workspace/loading.lua:101]: Preload file at: file:///home/rzqh/.vscode/extensions/sumneko.lua-3.7.0-linux-x64/server/meta/Lua%205.4%20en-us%20utf8/math.lua , size = 8.825 KB
[19:38:10.565][info] [#0:script/workspace/loading.lua:113]: ++++As library of:	file:///home/rzqh/.vscode/extensions/sumneko.lua-3.7.0-linux-x64/server/meta/Lua%205.4%20en-us%20utf8/math.lua
[19:38:10.566][info] [#0:script/workspace/loading.lua:101]: Preload file at: file:///home/rzqh/.vscode/extensions/sumneko.lua-3.7.0-linux-x64/server/meta/Lua%205.4%20en-us%20utf8/package.lua , size = 3.050 KB
[19:38:10.587][info] [#0:script/workspace/loading.lua:113]: ++++As library of:	file:///home/rzqh/.vscode/extensions/sumneko.lua-3.7.0-linux-x64/server/meta/Lua%205.4%20en-us%20utf8/package.lua
[19:38:10.587][info] [#0:script/workspace/loading.lua:98]: Skip loaded file: file:///home/rzqh/.vscode/extensions/sumneko.lua-3.7.0-linux-x64/server/meta/Lua%205.4%20en-us%20utf8/package.lua
[19:38:10.588][info] [#0:script/workspace/loading.lua:101]: Preload file at: file:///home/rzqh/.vscode/extensions/sumneko.lua-3.7.0-linux-x64/server/meta/Lua%205.4%20en-us%20utf8/utf8.lua , size = 2.447 KB
[19:38:10.612][info] [#0:script/workspace/loading.lua:113]: ++++As library of:	file:///home/rzqh/.vscode/extensions/sumneko.lua-3.7.0-linux-x64/server/meta/Lua%205.4%20en-us%20utf8/utf8.lua
[19:38:10.612][info] [#0:script/workspace/loading.lua:98]: Skip loaded file: file:///home/rzqh/.vscode/extensions/sumneko.lua-3.7.0-linux-x64/server/meta/Lua%205.4%20en-us%20utf8/utf8.lua
[19:38:10.612][info] [#0:script/workspace/loading.lua:101]: Preload file at: file:///home/rzqh/.vscode/extensions/sumneko.lua-3.7.0-linux-x64/server/meta/Lua%205.4%20en-us%20utf8/debug.lua , size = 7.812 KB
[19:38:10.711][info] [#0:script/workspace/loading.lua:113]: ++++As library of:	file:///home/rzqh/.vscode/extensions/sumneko.lua-3.7.0-linux-x64/server/meta/Lua%205.4%20en-us%20utf8/debug.lua
[19:38:10.712][info] [#0:script/workspace/loading.lua:98]: Skip loaded file: file:///home/rzqh/.vscode/extensions/sumneko.lua-3.7.0-linux-x64/server/meta/Lua%205.4%20en-us%20utf8/math.lua
[19:38:10.712][info] [#0:script/workspace/loading.lua:98]: Skip loaded file: file:///home/rzqh/.vscode/extensions/sumneko.lua-3.7.0-linux-x64/server/meta/Lua%205.4%20en-us%20utf8/debug.lua
[19:38:10.713][info] [#0:script/workspace/loading.lua:101]: Preload file at: file:///home/rzqh/.vscode/extensions/sumneko.lua-3.7.0-linux-x64/server/meta/Lua%205.4%20en-us%20utf8/io.lua , size = 6.566 KB
[19:38:10.765][info] [#0:script/workspace/loading.lua:113]: ++++As library of:	file:///home/rzqh/.vscode/extensions/sumneko.lua-3.7.0-linux-x64/server/meta/Lua%205.4%20en-us%20utf8/io.lua
[19:38:10.765][info] [#0:script/workspace/loading.lua:101]: Preload file at: file:///home/rzqh/.config/nvim/lua/josean/core/init.lua , size = 0.061 KB
[19:38:10.769][info] [#0:script/workspace/loading.lua:98]: Skip loaded file: file:///home/rzqh/.vscode/extensions/sumneko.lua-3.7.0-linux-x64/server/meta/Lua%205.4%20en-us%20utf8/io.lua
[19:38:10.769][info] [#0:script/workspace/loading.lua:101]: Preload file at: file:///home/rzqh/.config/nvim/lua/josean/core/options.lua , size = 1.433 KB
[19:38:10.780][info] [#0:script/workspace/loading.lua:101]: Preload file at: file:///home/rzqh/.config/nvim/lua/josean/core/keymaps.lua , size = 1.607 KB
[19:38:10.791][info] [#0:script/workspace/loading.lua:101]: Preload file at: file:///home/rzqh/.config/nvim/lua/josean/lazy.lua , size = 0.554 KB
[19:38:10.800][info] [#0:script/workspace/loading.lua:101]: Preload file at: file:///home/rzqh/.config/nvim/lua/josean/plugins/auto-session.lua , size = 0.623 KB
[19:38:10.807][info] [#0:script/workspace/loading.lua:101]: Preload file at: file:///home/rzqh/.config/nvim/lua/josean/plugins/nvim-surround.lua , size = 0.183 KB
[19:38:10.812][info] [#0:script/workspace/loading.lua:101]: Preload file at: file:///home/rzqh/.config/nvim/lua/josean/plugins/nvim-treesitter-text-objects.lua , size = 2.404 KB
[19:38:10.828][info] [#0:script/workspace/loading.lua:101]: Preload file at: file:///home/rzqh/.config/nvim/lua/josean/plugins/bufferline.lua , size = 0.197 KB
[19:38:10.833][info] [#0:script/workspace/loading.lua:101]: Preload file at: file:///home/rzqh/.config/nvim/lua/josean/plugins/comment.lua , size = 0.500 KB
[19:38:10.840][info] [#0:script/workspace/loading.lua:101]: Preload file at: file:///home/rzqh/.config/nvim/lua/josean/plugins/lsp/null-ls.lua , size = 2.015 KB
[19:38:10.852][info] [#0:script/workspace/loading.lua:101]: Preload file at: file:///home/rzqh/.config/nvim/lua/josean/plugins/lsp/mason.lua , size = 1.360 KB
[19:38:10.864][info] [#0:script/workspace/loading.lua:101]: Preload file at: file:///home/rzqh/.config/nvim/lua/josean/plugins/lsp/lspconfig.lua , size = 5.259 KB
[19:38:10.893][info] [#0:script/workspace/loading.lua:101]: Preload file at: file:///home/rzqh/.config/nvim/lua/josean/plugins/dressing.lua , size = 0.060 KB
[19:38:10.896][info] [#0:script/workspace/loading.lua:101]: Preload file at: file:///home/rzqh/.config/nvim/lua/josean/plugins/init.lua , size = 0.242 KB
[19:38:10.900][info] [#0:script/workspace/loading.lua:101]: Preload file at: file:///home/rzqh/.config/nvim/lua/josean/plugins/vim-maximizer.lua , size = 0.137 KB
[19:38:10.904][info] [#0:script/workspace/loading.lua:101]: Preload file at: file:///home/rzqh/.config/nvim/lua/josean/plugins/nvim-web-devicons.lua , size = 0.245 KB
[19:38:10.910][info] [#0:script/workspace/loading.lua:101]: Preload file at: file:///home/rzqh/.config/nvim/lua/josean/plugins/alpha-nvim.lua , size = 1.974 KB
[19:38:10.920][info] [#0:script/workspace/loading.lua:101]: Preload file at: file:///home/rzqh/.config/nvim/lua/josean/plugins/nvim-tree.lua , size = 1.773 KB
[19:38:10.933][info] [#0:script/workspace/loading.lua:101]: Preload file at: file:///home/rzqh/.config/nvim/lua/josean/plugins/telescope.lua , size = 1.235 KB
[19:38:10.945][info] [#0:script/workspace/loading.lua:101]: Preload file at: file:///home/rzqh/.config/nvim/lua/josean/plugins/which-key.lua , size = 0.285 KB
[19:38:10.950][info] [#0:script/workspace/loading.lua:101]: Preload file at: file:///home/rzqh/.config/nvim/lua/josean/plugins/gitsigns.lua , size = 0.097 KB
[19:38:10.954][info] [#0:script/workspace/loading.lua:101]: Preload file at: file:///home/rzqh/.config/nvim/lua/josean/plugins/nvim-autopairs.lua , size = 0.896 KB
[19:38:10.962][info] [#0:script/workspace/loading.lua:101]: Preload file at: file:///home/rzqh/.config/nvim/lua/josean/plugins/nvim-cmp.lua , size = 1.889 KB
[19:38:11.012][info] [#0:script/workspace/loading.lua:101]: Preload file at: file:///home/rzqh/.config/nvim/lua/josean/plugins/colorscheme.lua , size = 0.241 KB
[19:38:11.016][info] [#0:script/workspace/loading.lua:101]: Preload file at: file:///home/rzqh/.config/nvim/lua/josean/plugins/lualine.lua , size = 2.066 KB
[19:38:11.035][info] [#0:script/workspace/loading.lua:101]: Preload file at: file:///home/rzqh/.config/nvim/lua/josean/plugins/harpoon.lua , size = 0.602 KB
[19:38:11.042][info] [#0:script/workspace/loading.lua:101]: Preload file at: file:///home/rzqh/.config/nvim/lua/josean/plugins/nvim-treesitter.lua , size = 1.307 KB
[19:38:11.051][info] [#0:script/workspace/loading.lua:101]: Preload file at: file:///home/rzqh/.config/nvim/init.lua , size = 0.045 KB
[19:38:11.054][info] [#0:script/workspace/loading.lua:101]: Preload file at: file:///home/rzqh/.config/nvim/lua/josean/plugins/colorizer.lua , size = 0.099 KB
[19:38:11.161][info] [#0:script/workspace/loading.lua:173]: Loaded files takes [0.941] sec: <fallback>
[19:38:11.161][info] [#0:script/workspace/loading.lua:182]: Compile files takes [0.001] sec: <fallback>
[19:38:11.161][info] [#0:script/workspace/loading.lua:183]: Loaded finish:	<fallback>
[19:38:11.162][info] [#0:script/workspace/workspace.lua:381]: Preload finish at:	<fallback>
[19:38:11.218][info] [#0:script/workspace/loading.lua:173]: Loaded files takes [0.997] sec: file:///home/rzqh/.config/nvim
[19:38:11.219][info] [#0:script/workspace/loading.lua:182]: Compile files takes [0.000] sec: file:///home/rzqh/.config/nvim
[19:38:11.219][info] [#0:script/workspace/loading.lua:183]: Loaded finish:	file:///home/rzqh/.config/nvim
[19:38:11.219][info] [#0:script/workspace/workspace.lua:381]: Preload finish at:	file:///home/rzqh/.config/nvim
[19:38:11.382][warn] [#0:script/proto/proto.lua:187]: Method [textDocument/didOpen] takes [1.760]sec. {
  jsonrpc = "2.0",
  method = "textDocument/didOpen",
  params = {
    textDocument = {
      languageId = "lua",
      text = '"***"',
      uri = "file:///home/rzqh/.config/nvim/lua/config/lsp/null-ls.lua",
      version = 1
    }
  }
}
[19:38:11.422][info] [#0:script/provider/diagnostic.lua:557]: Diagnostics scope [file:///home/rzqh/.config/nvim], files count:[41]
[19:38:11.428][warn] [#0:script/proto/proto.lua:187]: Method [textDocument/codeAction] takes [1.797]sec. {
  id = 1,
  jsonrpc = "2.0",
  method = "textDocument/codeAction",
  params = {
    context = {
      diagnostics = {},
      triggerKind = 2
    },
    range = {
      end = {
        character = 0,
        line = 0
      },
      start = {
        character = 0,
        line = 0
      }
    },
    textDocument = {
      uri = "file:///home/rzqh/.config/nvim/lua/config/lsp/null-ls.lua"
    }
  }
}
[19:38:11.430][warn] [#0:script/proto/proto.lua:187]: Method [textDocument/documentColor] takes [1.783]sec. {
  id = 2,
  jsonrpc = "2.0",
  method = "textDocument/documentColor",
  params = {
    textDocument = {
      uri = "file:///home/rzqh/.config/nvim/lua/config/lsp/null-ls.lua"
    }
  }
}
[19:38:11.496][warn] [#0:script/proto/proto.lua:187]: Method [textDocument/semanticTokens/range] takes [1.402]sec. {
  id = 5,
  jsonrpc = "2.0",
  method = "textDocument/semanticTokens/range",
  params = {
    range = {
      end = {
        character = 0,
        line = 45
      },
      start = {
        character = 0,
        line = 0
      }
    },
    textDocument = {
      uri = "file:///home/rzqh/.config/nvim/lua/config/lsp/null-ls.lua"
    }
  }
}
[19:38:11.597][warn] [#0:script/proto/proto.lua:187]: Method [textDocument/foldingRange] takes [1.500]sec. {
  id = 6,
  jsonrpc = "2.0",
  method = "textDocument/foldingRange",
  params = {
    textDocument = {
      uri = "file:///home/rzqh/.config/nvim/lua/config/lsp/null-ls.lua"
    }
  }
}
[19:38:12.478][info] [#0:script/provider/provider.lua:46]: Load config from client	file:///home/rzqh/.config/nvim
[19:38:12.484][info] [#0:script/provider/provider.lua:47]: {
  Lua = {
    addonManager = {
      enable = true
    },
    codeLens = {
      enable = false
    },
    completion = {
      autoRequire = true,
      callSnippet = "Disable",
      displayContext = 0,
      enable = true,
      keywordSnippet = "Replace",
      postfix = "@",
      requireSeparator = ".",
      showParams = true,
      showWord = "Fallback",
      workspaceWord = true
    },
    diagnostics = {
      disable = {},
      disableScheme = { "git" },
      enable = true,
      globals = {},
      groupFileStatus = {},
      groupSeverity = {},
      ignoredFiles = "Opened",
      libraryFiles = "Opened",
      neededFileStatus = {},
      severity = {},
      unusedLocalExclude = {},
      workspaceDelay = 3000,
      workspaceEvent = "OnSave",
      workspaceRate = 100
    },
    doc = {
      packageName = {},
      privateName = {},
      protectedName = {}
    },
    format = {
      defaultConfig = {},
      enable = true
    },
    hint = {
      arrayIndex = "Auto",
      await = true,
      enable = false,
      paramName = "All",
      paramType = true,
      semicolon = "SameLine",
      setType = false
    },
    hover = {
      enable = true,
      enumsLimit = 5,
      expandAlias = true,
      previewFields = 50,
      viewNumber = true,
      viewString = true,
      viewStringMax = 1000
    },
    misc = {
      executablePath = "",
      parameters = {}
    },
    nameStyle = {
      config = {}
    },
    runtime = {
      builtin = {},
      fileEncoding = "utf8",
      meta = "${version} ${language} ${encoding}",
      nonstandardSymbol = {},
      path = { "?.lua", "?/init.lua" },
      pathStrict = false,
      plugin = "",
      pluginArgs = {},
      special = {},
      unicodeName = false,
      version = "Lua 5.4"
    },
    semantic = {
      annotation = true,
      enable = true,
      keyword = false,
      variable = true
    },
    signatureHelp = {
      enable = true
    },
    spell = {
      dict = {}
    },
    type = {
      castNumberToInteger = true,
      weakNilCheck = false,
      weakUnionCheck = false
    },
    typeFormat = {
      config = {}
    },
    window = {
      progressBar = true,
      statusBar = true
    },
    workspace = {
      checkThirdParty = true,
      ignoreDir = { ".vscode" },
      ignoreSubmodules = true,
      library = {},
      maxPreload = 5000,
      preloadFileSize = 500,
      useGitIgnore = true,
      userThirdParty = {}
    }
  },
  ["editor.acceptSuggestionOnEnter"] = "on",
  ["editor.semanticHighlighting.enabled"] = "configuredByTheme",
  ["files.associations"] = {},
  ["files.exclude"] = {
    ["**/.DS_Store"] = true,
    ["**/.git"] = true,
    ["**/.hg"] = true,
    ["**/.svn"] = true,
    ["**/CVS"] = true,
    ["**/Thumbs.db"] = true
  }
}
[19:38:12.618][info] [#0:script/provider/provider.lua:61]: Load config from client	fallback
[19:38:12.622][info] [#0:script/provider/provider.lua:62]: {
  Lua = {
    addonManager = {
      enable = true
    },
    codeLens = {
      enable = false
    },
    completion = {
      autoRequire = true,
      callSnippet = "Disable",
      displayContext = 0,
      enable = true,
      keywordSnippet = "Replace",
      postfix = "@",
      requireSeparator = ".",
      showParams = true,
      showWord = "Fallback",
      workspaceWord = true
    },
    diagnostics = {
      disable = {},
      disableScheme = { "git" },
      enable = true,
      globals = {},
      groupFileStatus = {},
      groupSeverity = {},
      ignoredFiles = "Opened",
      libraryFiles = "Opened",
      neededFileStatus = {},
      severity = {},
      unusedLocalExclude = {},
      workspaceDelay = 3000,
      workspaceEvent = "OnSave",
      workspaceRate = 100
    },
    doc = {
      packageName = {},
      privateName = {},
      protectedName = {}
    },
    format = {
      defaultConfig = {},
      enable = true
    },
    hint = {
      arrayIndex = "Auto",
      await = true,
      enable = false,
      paramName = "All",
      paramType = true,
      semicolon = "SameLine",
      setType = false
    },
    hover = {
      enable = true,
      enumsLimit = 5,
      expandAlias = true,
      previewFields = 50,
      viewNumber = true,
      viewString = true,
      viewStringMax = 1000
    },
    misc = {
      executablePath = "",
      parameters = {}
    },
    nameStyle = {
      config = {}
    },
    runtime = {
      builtin = {},
      fileEncoding = "utf8",
      meta = "${version} ${language} ${encoding}",
      nonstandardSymbol = {},
      path = { "?.lua", "?/init.lua" },
      pathStrict = false,
      plugin = "",
      pluginArgs = {},
      special = {},
      unicodeName = false,
      version = "Lua 5.4"
    },
    semantic = {
      annotation = true,
      enable = true,
      keyword = false,
      variable = true
    },
    signatureHelp = {
      enable = true
    },
    spell = {
      dict = {}
    },
    type = {
      castNumberToInteger = true,
      weakNilCheck = false,
      weakUnionCheck = false
    },
    typeFormat = {
      config = {}
    },
    window = {
      progressBar = true,
      statusBar = true
    },
    workspace = {
      checkThirdParty = true,
      ignoreDir = { ".vscode" },
      ignoreSubmodules = true,
      library = {},
      maxPreload = 5000,
      preloadFileSize = 500,
      useGitIgnore = true,
      userThirdParty = {}
    }
  },
  ["editor.acceptSuggestionOnEnter"] = "on",
  ["editor.semanticHighlighting.enabled"] = "configuredByTheme",
  ["files.associations"] = {},
  ["files.exclude"] = {
    ["**/.DS_Store"] = true,
    ["**/.git"] = true,
    ["**/.hg"] = true,
    ["**/.svn"] = true,
    ["**/CVS"] = true,
    ["**/Thumbs.db"] = true
  }
}
[19:38:12.686][warn] [#0:script/proto/proto.lua:187]: Method [workspace/didChangeConfiguration] takes [1.467]sec. {
  jsonrpc = "2.0",
  method = "workspace/didChangeConfiguration",
  params = {}
}
[19:38:13.013][info] [#0:script/provider/diagnostic.lua:574]: Diagnostics scope [file:///home/rzqh/.config/nvim] finished, takes [1.534] sec.
[19:38:13.479][info] [#0:script/provider/provider.lua:46]: Load config from client	file:///home/rzqh/.config/nvim
[19:38:13.479][info] [#0:script/provider/provider.lua:47]: {
  Lua = {
    addonManager = {
      enable = true
    },
    codeLens = {
      enable = false
    },
    completion = {
      autoRequire = true,
      callSnippet = "Disable",
      displayContext = 0,
      enable = true,
      keywordSnippet = "Replace",
      postfix = "@",
      requireSeparator = ".",
      showParams = true,
      showWord = "Fallback",
      workspaceWord = true
    },
    diagnostics = {
      disable = {},
      disableScheme = { "git" },
      enable = true,
      globals = {},
      groupFileStatus = {},
      groupSeverity = {},
      ignoredFiles = "Opened",
      libraryFiles = "Opened",
      neededFileStatus = {},
      severity = {},
      unusedLocalExclude = {},
      workspaceDelay = 3000,
      workspaceEvent = "OnSave",
      workspaceRate = 100
    },
    doc = {
      packageName = {},
      privateName = {},
      protectedName = {}
    },
    format = {
      defaultConfig = {},
      enable = true
    },
    hint = {
      arrayIndex = "Auto",
      await = true,
      enable = false,
      paramName = "All",
      paramType = true,
      semicolon = "SameLine",
      setType = false
    },
    hover = {
      enable = true,
      enumsLimit = 5,
      expandAlias = true,
      previewFields = 50,
      viewNumber = true,
      viewString = true,
      viewStringMax = 1000
    },
    misc = {
      executablePath = "",
      parameters = {}
    },
    nameStyle = {
      config = {}
    },
    runtime = {
      builtin = {},
      fileEncoding = "utf8",
      meta = "${version} ${language} ${encoding}",
      nonstandardSymbol = {},
      path = { "?.lua", "?/init.lua" },
      pathStrict = false,
      plugin = "",
      pluginArgs = {},
      special = {},
      unicodeName = false,
      version = "Lua 5.4"
    },
    semantic = {
      annotation = true,
      enable = true,
      keyword = false,
      variable = true
    },
    signatureHelp = {
      enable = true
    },
    spell = {
      dict = {}
    },
    type = {
      castNumberToInteger = true,
      weakNilCheck = false,
      weakUnionCheck = false
    },
    typeFormat = {
      config = {}
    },
    window = {
      progressBar = true,
      statusBar = true
    },
    workspace = {
      checkThirdParty = true,
      ignoreDir = { ".vscode" },
      ignoreSubmodules = true,
      library = {},
      maxPreload = 5000,
      preloadFileSize = 500,
      useGitIgnore = true,
      userThirdParty = {}
    }
  },
  ["editor.acceptSuggestionOnEnter"] = "on",
  ["editor.semanticHighlighting.enabled"] = "configuredByTheme",
  ["files.associations"] = {},
  ["files.exclude"] = {
    ["**/.DS_Store"] = true,
    ["**/.git"] = true,
    ["**/.hg"] = true,
    ["**/.svn"] = true,
    ["**/CVS"] = true,
    ["**/Thumbs.db"] = true
  }
}
[19:38:13.593][info] [#0:script/provider/provider.lua:61]: Load config from client	fallback
[19:38:13.594][info] [#0:script/provider/provider.lua:62]: {
  Lua = {
    addonManager = {
      enable = true
    },
    codeLens = {
      enable = false
    },
    completion = {
      autoRequire = true,
      callSnippet = "Disable",
      displayContext = 0,
      enable = true,
      keywordSnippet = "Replace",
      postfix = "@",
      requireSeparator = ".",
      showParams = true,
      showWord = "Fallback",
      workspaceWord = true
    },
    diagnostics = {
      disable = {},
      disableScheme = { "git" },
      enable = true,
      globals = {},
      groupFileStatus = {},
      groupSeverity = {},
      ignoredFiles = "Opened",
      libraryFiles = "Opened",
      neededFileStatus = {},
      severity = {},
      unusedLocalExclude = {},
      workspaceDelay = 3000,
      workspaceEvent = "OnSave",
      workspaceRate = 100
    },
    doc = {
      packageName = {},
      privateName = {},
      protectedName = {}
    },
    format = {
      defaultConfig = {},
      enable = true
    },
    hint = {
      arrayIndex = "Auto",
      await = true,
      enable = false,
      paramName = "All",
      paramType = true,
      semicolon = "SameLine",
      setType = false
    },
    hover = {
      enable = true,
      enumsLimit = 5,
      expandAlias = true,
      previewFields = 50,
      viewNumber = true,
      viewString = true,
      viewStringMax = 1000
    },
    misc = {
      executablePath = "",
      parameters = {}
    },
    nameStyle = {
      config = {}
    },
    runtime = {
      builtin = {},
      fileEncoding = "utf8",
      meta = "${version} ${language} ${encoding}",
      nonstandardSymbol = {},
      path = { "?.lua", "?/init.lua" },
      pathStrict = false,
      plugin = "",
      pluginArgs = {},
      special = {},
      unicodeName = false,
      version = "Lua 5.4"
    },
    semantic = {
      annotation = true,
      enable = true,
      keyword = false,
      variable = true
    },
    signatureHelp = {
      enable = true
    },
    spell = {
      dict = {}
    },
    type = {
      castNumberToInteger = true,
      weakNilCheck = false,
      weakUnionCheck = false
    },
    typeFormat = {
      config = {}
    },
    window = {
      progressBar = true,
      statusBar = true
    },
    workspace = {
      checkThirdParty = true,
      ignoreDir = { ".vscode" },
      ignoreSubmodules = true,
      library = {},
      maxPreload = 5000,
      preloadFileSize = 500,
      useGitIgnore = true,
      userThirdParty = {}
    }
  },
  ["editor.acceptSuggestionOnEnter"] = "on",
  ["editor.semanticHighlighting.enabled"] = "configuredByTheme",
  ["files.associations"] = {},
  ["files.exclude"] = {
    ["**/.DS_Store"] = true,
    ["**/.git"] = true,
    ["**/.hg"] = true,
    ["**/.svn"] = true,
    ["**/CVS"] = true,
    ["**/Thumbs.db"] = true
  }
}
[19:38:13.711][info] [#0:script/provider/provider.lua:46]: Load config from client	file:///home/rzqh/.config/nvim
[19:38:13.711][info] [#0:script/provider/provider.lua:47]: {
  Lua = {
    addonManager = {
      enable = true
    },
    codeLens = {
      enable = false
    },
    completion = {
      autoRequire = true,
      callSnippet = "Disable",
      displayContext = 0,
      enable = true,
      keywordSnippet = "Replace",
      postfix = "@",
      requireSeparator = ".",
      showParams = true,
      showWord = "Fallback",
      workspaceWord = true
    },
    diagnostics = {
      disable = {},
      disableScheme = { "git" },
      enable = true,
      globals = {},
      groupFileStatus = {},
      groupSeverity = {},
      ignoredFiles = "Opened",
      libraryFiles = "Opened",
      neededFileStatus = {},
      severity = {},
      unusedLocalExclude = {},
      workspaceDelay = 3000,
      workspaceEvent = "OnSave",
      workspaceRate = 100
    },
    doc = {
      packageName = {},
      privateName = {},
      protectedName = {}
    },
    format = {
      defaultConfig = {},
      enable = true
    },
    hint = {
      arrayIndex = "Auto",
      await = true,
      enable = false,
      paramName = "All",
      paramType = true,
      semicolon = "SameLine",
      setType = false
    },
    hover = {
      enable = true,
      enumsLimit = 5,
      expandAlias = true,
      previewFields = 50,
      viewNumber = true,
      viewString = true,
      viewStringMax = 1000
    },
    misc = {
      executablePath = "",
      parameters = {}
    },
    nameStyle = {
      config = {}
    },
    runtime = {
      builtin = {},
      fileEncoding = "utf8",
      meta = "${version} ${language} ${encoding}",
      nonstandardSymbol = {},
      path = { "?.lua", "?/init.lua" },
      pathStrict = false,
      plugin = "",
      pluginArgs = {},
      special = {},
      unicodeName = false,
      version = "Lua 5.4"
    },
    semantic = {
      annotation = true,
      enable = true,
      keyword = false,
      variable = true
    },
    signatureHelp = {
      enable = true
    },
    spell = {
      dict = {}
    },
    type = {
      castNumberToInteger = true,
      weakNilCheck = false,
      weakUnionCheck = false
    },
    typeFormat = {
      config = {}
    },
    window = {
      progressBar = true,
      statusBar = true
    },
    workspace = {
      checkThirdParty = true,
      ignoreDir = { ".vscode" },
      ignoreSubmodules = true,
      library = {},
      maxPreload = 5000,
      preloadFileSize = 500,
      useGitIgnore = true,
      userThirdParty = {}
    }
  },
  ["editor.acceptSuggestionOnEnter"] = "on",
  ["editor.semanticHighlighting.enabled"] = "configuredByTheme",
  ["files.associations"] = {},
  ["files.exclude"] = {
    ["**/.DS_Store"] = true,
    ["**/.git"] = true,
    ["**/.hg"] = true,
    ["**/.svn"] = true,
    ["**/CVS"] = true,
    ["**/Thumbs.db"] = true
  }
}
[19:38:13.719][info] [#0:script/provider/provider.lua:61]: Load config from client	fallback
[19:38:13.720][info] [#0:script/provider/provider.lua:62]: {
  Lua = {
    addonManager = {
      enable = true
    },
    codeLens = {
      enable = false
    },
    completion = {
      autoRequire = true,
      callSnippet = "Disable",
      displayContext = 0,
      enable = true,
      keywordSnippet = "Replace",
      postfix = "@",
      requireSeparator = ".",
      showParams = true,
      showWord = "Fallback",
      workspaceWord = true
    },
    diagnostics = {
      disable = {},
      disableScheme = { "git" },
      enable = true,
      globals = {},
      groupFileStatus = {},
      groupSeverity = {},
      ignoredFiles = "Opened",
      libraryFiles = "Opened",
      neededFileStatus = {},
      severity = {},
      unusedLocalExclude = {},
      workspaceDelay = 3000,
      workspaceEvent = "OnSave",
      workspaceRate = 100
    },
    doc = {
      packageName = {},
      privateName = {},
      protectedName = {}
    },
    format = {
      defaultConfig = {},
      enable = true
    },
    hint = {
      arrayIndex = "Auto",
      await = true,
      enable = false,
      paramName = "All",
      paramType = true,
      semicolon = "SameLine",
      setType = false
    },
    hover = {
      enable = true,
      enumsLimit = 5,
      expandAlias = true,
      previewFields = 50,
      viewNumber = true,
      viewString = true,
      viewStringMax = 1000
    },
    misc = {
      executablePath = "",
      parameters = {}
    },
    nameStyle = {
      config = {}
    },
    runtime = {
      builtin = {},
      fileEncoding = "utf8",
      meta = "${version} ${language} ${encoding}",
      nonstandardSymbol = {},
      path = { "?.lua", "?/init.lua" },
      pathStrict = false,
      plugin = "",
      pluginArgs = {},
      special = {},
      unicodeName = false,
      version = "Lua 5.4"
    },
    semantic = {
      annotation = true,
      enable = true,
      keyword = false,
      variable = true
    },
    signatureHelp = {
      enable = true
    },
    spell = {
      dict = {}
    },
    type = {
      castNumberToInteger = true,
      weakNilCheck = false,
      weakUnionCheck = false
    },
    typeFormat = {
      config = {}
    },
    window = {
      progressBar = true,
      statusBar = true
    },
    workspace = {
      checkThirdParty = true,
      ignoreDir = { ".vscode" },
      ignoreSubmodules = true,
      library = {},
      maxPreload = 5000,
      preloadFileSize = 500,
      useGitIgnore = true,
      userThirdParty = {}
    }
  },
  ["editor.acceptSuggestionOnEnter"] = "on",
  ["editor.semanticHighlighting.enabled"] = "configuredByTheme",
  ["files.associations"] = {},
  ["files.exclude"] = {
    ["**/.DS_Store"] = true,
    ["**/.git"] = true,
    ["**/.hg"] = true,
    ["**/.svn"] = true,
    ["**/CVS"] = true,
    ["**/Thumbs.db"] = true
  }
}
[19:38:13.834][info] [#0:script/provider/provider.lua:46]: Load config from client	file:///home/rzqh/.config/nvim
[19:38:13.835][info] [#0:script/provider/provider.lua:47]: {
  Lua = {
    addonManager = {
      enable = true
    },
    codeLens = {
      enable = false
    },
    completion = {
      autoRequire = true,
      callSnippet = "Disable",
      displayContext = 0,
      enable = true,
      keywordSnippet = "Replace",
      postfix = "@",
      requireSeparator = ".",
      showParams = true,
      showWord = "Fallback",
      workspaceWord = true
    },
    diagnostics = {
      disable = {},
      disableScheme = { "git" },
      enable = true,
      globals = {},
      groupFileStatus = {},
      groupSeverity = {},
      ignoredFiles = "Opened",
      libraryFiles = "Opened",
      neededFileStatus = {},
      severity = {},
      unusedLocalExclude = {},
      workspaceDelay = 3000,
      workspaceEvent = "OnSave",
      workspaceRate = 100
    },
    doc = {
      packageName = {},
      privateName = {},
      protectedName = {}
    },
    format = {
      defaultConfig = {},
      enable = true
    },
    hint = {
      arrayIndex = "Auto",
      await = true,
      enable = false,
      paramName = "All",
      paramType = true,
      semicolon = "SameLine",
      setType = false
    },
    hover = {
      enable = true,
      enumsLimit = 5,
      expandAlias = true,
      previewFields = 50,
      viewNumber = true,
      viewString = true,
      viewStringMax = 1000
    },
    misc = {
      executablePath = "",
      parameters = {}
    },
    nameStyle = {
      config = {}
    },
    runtime = {
      builtin = {},
      fileEncoding = "utf8",
      meta = "${version} ${language} ${encoding}",
      nonstandardSymbol = {},
      path = { "?.lua", "?/init.lua" },
      pathStrict = false,
      plugin = "",
      pluginArgs = {},
      special = {},
      unicodeName = false,
      version = "Lua 5.4"
    },
    semantic = {
      annotation = true,
      enable = true,
      keyword = false,
      variable = true
    },
    signatureHelp = {
      enable = true
    },
    spell = {
      dict = {}
    },
    type = {
      castNumberToInteger = true,
      weakNilCheck = false,
      weakUnionCheck = false
    },
    typeFormat = {
      config = {}
    },
    window = {
      progressBar = true,
      statusBar = true
    },
    workspace = {
      checkThirdParty = true,
      ignoreDir = { ".vscode" },
      ignoreSubmodules = true,
      library = {},
      maxPreload = 5000,
      preloadFileSize = 500,
      useGitIgnore = true,
      userThirdParty = {}
    }
  },
  ["editor.acceptSuggestionOnEnter"] = "on",
  ["editor.semanticHighlighting.enabled"] = "configuredByTheme",
  ["files.associations"] = {},
  ["files.exclude"] = {
    ["**/.DS_Store"] = true,
    ["**/.git"] = true,
    ["**/.hg"] = true,
    ["**/.svn"] = true,
    ["**/CVS"] = true,
    ["**/Thumbs.db"] = true
  }
}
[19:38:13.851][info] [#0:script/provider/provider.lua:61]: Load config from client	fallback
[19:38:13.852][info] [#0:script/provider/provider.lua:62]: {
  Lua = {
    addonManager = {
      enable = true
    },
    codeLens = {
      enable = false
    },
    completion = {
      autoRequire = true,
      callSnippet = "Disable",
      displayContext = 0,
      enable = true,
      keywordSnippet = "Replace",
      postfix = "@",
      requireSeparator = ".",
      showParams = true,
      showWord = "Fallback",
      workspaceWord = true
    },
    diagnostics = {
      disable = {},
      disableScheme = { "git" },
      enable = true,
      globals = {},
      groupFileStatus = {},
      groupSeverity = {},
      ignoredFiles = "Opened",
      libraryFiles = "Opened",
      neededFileStatus = {},
      severity = {},
      unusedLocalExclude = {},
      workspaceDelay = 3000,
      workspaceEvent = "OnSave",
      workspaceRate = 100
    },
    doc = {
      packageName = {},
      privateName = {},
      protectedName = {}
    },
    format = {
      defaultConfig = {},
      enable = true
    },
    hint = {
      arrayIndex = "Auto",
      await = true,
      enable = false,
      paramName = "All",
      paramType = true,
      semicolon = "SameLine",
      setType = false
    },
    hover = {
      enable = true,
      enumsLimit = 5,
      expandAlias = true,
      previewFields = 50,
      viewNumber = true,
      viewString = true,
      viewStringMax = 1000
    },
    misc = {
      executablePath = "",
      parameters = {}
    },
    nameStyle = {
      config = {}
    },
    runtime = {
      builtin = {},
      fileEncoding = "utf8",
      meta = "${version} ${language} ${encoding}",
      nonstandardSymbol = {},
      path = { "?.lua", "?/init.lua" },
      pathStrict = false,
      plugin = "",
      pluginArgs = {},
      special = {},
      unicodeName = false,
      version = "Lua 5.4"
    },
    semantic = {
      annotation = true,
      enable = true,
      keyword = false,
      variable = true
    },
    signatureHelp = {
      enable = true
    },
    spell = {
      dict = {}
    },
    type = {
      castNumberToInteger = true,
      weakNilCheck = false,
      weakUnionCheck = false
    },
    typeFormat = {
      config = {}
    },
    window = {
      progressBar = true,
      statusBar = true
    },
    workspace = {
      checkThirdParty = true,
      ignoreDir = { ".vscode" },
      ignoreSubmodules = true,
      library = {},
      maxPreload = 5000,
      preloadFileSize = 500,
      useGitIgnore = true,
      userThirdParty = {}
    }
  },
  ["editor.acceptSuggestionOnEnter"] = "on",
  ["editor.semanticHighlighting.enabled"] = "configuredByTheme",
  ["files.associations"] = {},
  ["files.exclude"] = {
    ["**/.DS_Store"] = true,
    ["**/.git"] = true,
    ["**/.hg"] = true,
    ["**/.svn"] = true,
    ["**/CVS"] = true,
    ["**/Thumbs.db"] = true
  }
}
[19:38:13.969][info] [#0:script/provider/provider.lua:46]: Load config from client	file:///home/rzqh/.config/nvim
[19:38:13.969][info] [#0:script/provider/provider.lua:47]: {
  Lua = {
    addonManager = {
      enable = true
    },
    codeLens = {
      enable = false
    },
    completion = {
      autoRequire = true,
      callSnippet = "Disable",
      displayContext = 0,
      enable = true,
      keywordSnippet = "Replace",
      postfix = "@",
      requireSeparator = ".",
      showParams = true,
      showWord = "Fallback",
      workspaceWord = true
    },
    diagnostics = {
      disable = {},
      disableScheme = { "git" },
      enable = true,
      globals = {},
      groupFileStatus = {},
      groupSeverity = {},
      ignoredFiles = "Opened",
      libraryFiles = "Opened",
      neededFileStatus = {},
      severity = {},
      unusedLocalExclude = {},
      workspaceDelay = 3000,
      workspaceEvent = "OnSave",
      workspaceRate = 100
    },
    doc = {
      packageName = {},
      privateName = {},
      protectedName = {}
    },
    format = {
      defaultConfig = {},
      enable = true
    },
    hint = {
      arrayIndex = "Auto",
      await = true,
      enable = false,
      paramName = "All",
      paramType = true,
      semicolon = "SameLine",
      setType = false
    },
    hover = {
      enable = true,
      enumsLimit = 5,
      expandAlias = true,
      previewFields = 50,
      viewNumber = true,
      viewString = true,
      viewStringMax = 1000
    },
    misc = {
      executablePath = "",
      parameters = {}
    },
    nameStyle = {
      config = {}
    },
    runtime = {
      builtin = {},
      fileEncoding = "utf8",
      meta = "${version} ${language} ${encoding}",
      nonstandardSymbol = {},
      path = { "?.lua", "?/init.lua" },
      pathStrict = false,
      plugin = "",
      pluginArgs = {},
      special = {},
      unicodeName = false,
      version = "Lua 5.4"
    },
    semantic = {
      annotation = true,
      enable = true,
      keyword = false,
      variable = true
    },
    signatureHelp = {
      enable = true
    },
    spell = {
      dict = {}
    },
    type = {
      castNumberToInteger = true,
      weakNilCheck = false,
      weakUnionCheck = false
    },
    typeFormat = {
      config = {}
    },
    window = {
      progressBar = true,
      statusBar = true
    },
    workspace = {
      checkThirdParty = true,
      ignoreDir = { ".vscode" },
      ignoreSubmodules = true,
      library = {},
      maxPreload = 5000,
      preloadFileSize = 500,
      useGitIgnore = true,
      userThirdParty = {}
    }
  },
  ["editor.acceptSuggestionOnEnter"] = "on",
  ["editor.semanticHighlighting.enabled"] = "configuredByTheme",
  ["files.associations"] = {},
  ["files.exclude"] = {
    ["**/.DS_Store"] = true,
    ["**/.git"] = true,
    ["**/.hg"] = true,
    ["**/.svn"] = true,
    ["**/CVS"] = true,
    ["**/Thumbs.db"] = true
  }
}
[19:38:13.978][info] [#0:script/provider/provider.lua:61]: Load config from client	fallback
[19:38:13.978][info] [#0:script/provider/provider.lua:62]: {
  Lua = {
    addonManager = {
      enable = true
    },
    codeLens = {
      enable = false
    },
    completion = {
      autoRequire = true,
      callSnippet = "Disable",
      displayContext = 0,
      enable = true,
      keywordSnippet = "Replace",
      postfix = "@",
      requireSeparator = ".",
      showParams = true,
      showWord = "Fallback",
      workspaceWord = true
    },
    diagnostics = {
      disable = {},
      disableScheme = { "git" },
      enable = true,
      globals = {},
      groupFileStatus = {},
      groupSeverity = {},
      ignoredFiles = "Opened",
      libraryFiles = "Opened",
      neededFileStatus = {},
      severity = {},
      unusedLocalExclude = {},
      workspaceDelay = 3000,
      workspaceEvent = "OnSave",
      workspaceRate = 100
    },
    doc = {
      packageName = {},
      privateName = {},
      protectedName = {}
    },
    format = {
      defaultConfig = {},
      enable = true
    },
    hint = {
      arrayIndex = "Auto",
      await = true,
      enable = false,
      paramName = "All",
      paramType = true,
      semicolon = "SameLine",
      setType = false
    },
    hover = {
      enable = true,
      enumsLimit = 5,
      expandAlias = true,
      previewFields = 50,
      viewNumber = true,
      viewString = true,
      viewStringMax = 1000
    },
    misc = {
      executablePath = "",
      parameters = {}
    },
    nameStyle = {
      config = {}
    },
    runtime = {
      builtin = {},
      fileEncoding = "utf8",
      meta = "${version} ${language} ${encoding}",
      nonstandardSymbol = {},
      path = { "?.lua", "?/init.lua" },
      pathStrict = false,
      plugin = "",
      pluginArgs = {},
      special = {},
      unicodeName = false,
      version = "Lua 5.4"
    },
    semantic = {
      annotation = true,
      enable = true,
      keyword = false,
      variable = true
    },
    signatureHelp = {
      enable = true
    },
    spell = {
      dict = {}
    },
    type = {
      castNumberToInteger = true,
      weakNilCheck = false,
      weakUnionCheck = false
    },
    typeFormat = {
      config = {}
    },
    window = {
      progressBar = true,
      statusBar = true
    },
    workspace = {
      checkThirdParty = true,
      ignoreDir = { ".vscode" },
      ignoreSubmodules = true,
      library = {},
      maxPreload = 5000,
      preloadFileSize = 500,
      useGitIgnore = true,
      userThirdParty = {}
    }
  },
  ["editor.acceptSuggestionOnEnter"] = "on",
  ["editor.semanticHighlighting.enabled"] = "configuredByTheme",
  ["files.associations"] = {},
  ["files.exclude"] = {
    ["**/.DS_Store"] = true,
    ["**/.git"] = true,
    ["**/.hg"] = true,
    ["**/.svn"] = true,
    ["**/CVS"] = true,
    ["**/Thumbs.db"] = true
  }
}
[19:38:31.592][info] [#0:script/provider/provider.lua:169]: Server shutdown.
[19:38:31.692][info] [#0:script/provider/provider.lua:162]: Server exited.
