2023-09-19 19:38:13.687 [info] Reading sessions from keychain...
2023-09-19 19:38:13.687 [info] Getting sessions for all scopes...
2023-09-19 19:38:13.687 [info] Getting sessions for user:email...
2023-09-19 19:38:13.687 [info] Got 0 sessions for ...
2023-09-19 19:38:13.687 [info] Got 0 sessions for user:email...
2023-09-19 19:38:13.786 [info] Getting sessions for all scopes...
2023-09-19 19:38:13.787 [info] Got 0 sessions for ...
2023-09-19 19:38:33.797 [info] Reading sessions from keychain...
2023-09-19 19:38:33.797 [info] Getting sessions for all scopes...
2023-09-19 19:38:33.797 [info] Getting sessions for user:email...
2023-09-19 19:38:33.798 [info] Got 0 sessions for ...
2023-09-19 19:38:33.798 [info] Got 0 sessions for user:email...
2023-09-19 19:38:33.836 [info] Getting sessions for all scopes...
2023-09-19 19:38:33.836 [info] Got 0 sessions for ...
2023-09-19 19:38:33.930 [info] Getting sessions for all scopes...
2023-09-19 19:38:33.930 [info] Got 0 sessions for ...
2023-09-19 19:38:33.950 [info] Getting sessions for read:user,repo,user:email...
2023-09-19 19:38:33.950 [info] Got 0 sessions for read:user,repo,user:email...
2023-09-19 19:38:40.728 [info] Getting sessions for read:user,repo,user:email,workflow...
2023-09-19 19:38:40.728 [info] Got 0 sessions for read:user,repo,user:email,workflow...
2023-09-19 19:39:00.025 [info] Reading sessions from keychain...
2023-09-19 19:39:00.025 [info] Getting sessions for all scopes...
2023-09-19 19:39:00.025 [info] Getting sessions for user:email...
2023-09-19 19:39:00.037 [info] Getting sessions for read:user,repo,user:email,workflow...
2023-09-19 19:39:00.089 [info] Got 0 sessions for ...
2023-09-19 19:39:00.089 [info] Got 0 sessions for user:email...
2023-09-19 19:39:00.089 [info] Got 0 sessions for read:user,repo,user:email,workflow...
2023-09-19 19:39:00.192 [info] Getting sessions for read:user,repo,user:email...
2023-09-19 19:39:00.193 [info] Got 0 sessions for read:user,repo,user:email...
2023-09-19 19:39:00.200 [info] Getting sessions for all scopes...
2023-09-19 19:39:00.200 [info] Got 0 sessions for ...
2023-09-19 19:39:00.223 [info] Getting sessions for all scopes...
2023-09-19 19:39:00.223 [info] Got 0 sessions for ...
