2023-09-17 13:35:52.953 [info] Added views:workbench.panel.markers.view in workbench.panel.markers
2023-09-17 13:35:52.953 [info] Added views:workbench.panel.output in workbench.panel.output
2023-09-17 13:35:52.953 [info] Added views:terminal in terminal
2023-09-17 13:35:52.953 [info] Added views:outline in workbench.view.explorer
2023-09-17 13:35:52.953 [info] Added views:workbench.scm in workbench.view.scm
2023-09-17 13:35:52.953 [info] Added views:workbench.view.search in workbench.view.search
2023-09-17 13:35:52.953 [info] Added views:timeline in workbench.view.explorer
2023-09-17 13:35:52.953 [info] Added views:workbench.explorer.emptyView in workbench.view.explorer
2023-09-17 13:35:53.186 [info] Added views:workbench.debug.welcome in workbench.view.debug
2023-09-17 13:35:53.569 [info] Added views:workbench.panel.repl.view in workbench.panel.repl
2023-09-17 13:35:53.987 [info] Added views:~remote.forwardedPorts in ~remote.forwardedPortsContainer
2023-09-17 13:35:56.232 [info] Added views:workbench.views.extensions.installed,workbench.views.extensions.popular,extensions.recommendedList in workbench.view.extensions
2023-09-17 13:35:56.251 [info] Removed views:workbench.views.extensions.popular from workbench.view.extensions
2023-09-17 13:35:59.884 [info] Removed views:extensions.recommendedList,workbench.views.extensions.installed from workbench.view.extensions
2023-09-17 13:35:59.897 [info] Added views:workbench.views.extensions.marketplace in workbench.view.extensions
2023-09-17 13:37:29.213 [info] Removed views:workbench.views.extensions.marketplace from workbench.view.extensions
2023-09-17 13:37:29.240 [info] Added views:workbench.views.extensions.installed,extensions.recommendedList in workbench.view.extensions
2023-09-17 13:37:31.419 [info] Removed views:extensions.recommendedList,workbench.views.extensions.installed from workbench.view.extensions
2023-09-17 13:37:31.435 [info] Added views:workbench.views.extensions.marketplace in workbench.view.extensions
2023-09-17 13:37:46.370 [info] Added views:gitlens.views.home,gitlens.views.workspaces,gitlens.views.account in workbench.view.extension.gitlens
2023-09-17 13:37:46.372 [info] Added views:gitlens.views.commitDetails,gitlens.views.lineHistory,gitlens.views.fileHistory,gitlens.views.searchAndCompare in workbench.view.extension.gitlensInspect
2023-09-17 13:37:46.374 [info] Added views:gitlens.views.commits,gitlens.views.branches,gitlens.views.remotes,gitlens.views.stashes,gitlens.views.tags,gitlens.views.contributors in workbench.view.scm
2023-09-17 13:37:46.581 [info] Removed views:gitlens.views.searchAndCompare,gitlens.views.fileHistory,gitlens.views.lineHistory,gitlens.views.commitDetails from workbench.view.extension.gitlensInspect
2023-09-17 13:37:46.582 [info] Removed views:gitlens.views.contributors,gitlens.views.tags,gitlens.views.stashes,gitlens.views.remotes,gitlens.views.branches,gitlens.views.commits from workbench.view.scm
2023-09-17 13:39:07.606 [info] Added views:dockerContainers,dockerImages,dockerRegistries,dockerNetworks,dockerVolumes,vscode-docker.views.dockerContexts,vscode-docker.views.help in workbench.view.extension.dockerView
