2023-09-19 18:17:18.146 [info] Added views:workbench.panel.markers.view in workbench.panel.markers
2023-09-19 18:17:18.146 [info] Added views:workbench.panel.output in workbench.panel.output
2023-09-19 18:17:18.146 [info] Added views:terminal in terminal
2023-09-19 18:17:18.146 [info] Added views:outline in workbench.view.explorer
2023-09-19 18:17:18.146 [info] Added views:workbench.scm in workbench.view.scm
2023-09-19 18:17:18.146 [info] Added views:workbench.view.search in workbench.view.search
2023-09-19 18:17:18.146 [info] Added views:timeline in workbench.view.explorer
2023-09-19 18:17:18.146 [info] Added views:workbench.explorer.emptyView in workbench.view.explorer
2023-09-19 18:17:18.397 [info] Added views:gitlens.views.home,gitlens.views.workspaces,gitlens.views.account in workbench.view.extension.gitlens
2023-09-19 18:17:18.398 [info] Added views:gitlens.views.commitDetails,gitlens.views.lineHistory,gitlens.views.fileHistory,gitlens.views.searchAndCompare in workbench.view.extension.gitlensInspect
2023-09-19 18:17:18.400 [info] Added views:gitlens.views.commits,gitlens.views.branches,gitlens.views.remotes,gitlens.views.stashes,gitlens.views.tags,gitlens.views.contributors in workbench.view.scm
2023-09-19 18:17:18.401 [info] Added views:dockerContainers,dockerImages,dockerRegistries,dockerNetworks,dockerVolumes,vscode-docker.views.dockerContexts,vscode-docker.views.help in workbench.view.extension.dockerView
2023-09-19 18:17:18.774 [info] Added views:workbench.debug.welcome in workbench.view.debug
2023-09-19 18:17:18.918 [info] Added views:workbench.panel.repl.view in workbench.panel.repl
2023-09-19 18:17:19.687 [info] Removed views:gitlens.views.searchAndCompare,gitlens.views.fileHistory,gitlens.views.lineHistory,gitlens.views.commitDetails from workbench.view.extension.gitlensInspect
2023-09-19 18:17:19.689 [info] Removed views:gitlens.views.contributors,gitlens.views.tags,gitlens.views.stashes,gitlens.views.remotes,gitlens.views.branches,gitlens.views.commits from workbench.view.scm
2023-09-19 18:17:19.838 [info] Added views:gitlens.views.commitDetails,gitlens.views.lineHistory,gitlens.views.fileHistory,gitlens.views.searchAndCompare in workbench.view.extension.gitlensInspect
2023-09-19 18:17:19.839 [info] Added views:gitlens.views.commits,gitlens.views.branches,gitlens.views.remotes,gitlens.views.stashes,gitlens.views.tags,gitlens.views.contributors in workbench.view.scm
2023-09-19 18:17:20.138 [info] Added views:~remote.forwardedPorts in ~remote.forwardedPortsContainer
2023-09-19 18:17:20.288 [info] Added views:gitlens.views.graph,gitlens.views.graphDetails in workbench.view.extension.gitlensPanel
2023-09-19 18:17:20.289 [info] Added views:gitlens.views.timeline in workbench.view.extension.gitlensInspect
2023-09-19 18:17:20.292 [info] Added views:gitlens.views.worktrees in workbench.view.scm
2023-09-19 18:17:52.861 [info] Added views:workbench.panel.markers.view in workbench.panel.markers
2023-09-19 18:17:52.861 [info] Added views:workbench.panel.output in workbench.panel.output
2023-09-19 18:17:52.861 [info] Added views:terminal in terminal
2023-09-19 18:17:52.861 [info] Added views:outline in workbench.view.explorer
2023-09-19 18:17:52.861 [info] Added views:workbench.scm in workbench.view.scm
2023-09-19 18:17:52.861 [info] Added views:workbench.view.search in workbench.view.search
2023-09-19 18:17:52.861 [info] Added views:timeline in workbench.view.explorer
2023-09-19 18:17:52.861 [info] Added views:workbench.explorer.fileView in workbench.view.explorer
2023-09-19 18:17:53.255 [info] Added views:gitlens.views.home,gitlens.views.workspaces,gitlens.views.account in workbench.view.extension.gitlens
2023-09-19 18:17:53.256 [info] Added views:gitlens.views.commitDetails,gitlens.views.lineHistory,gitlens.views.fileHistory,gitlens.views.searchAndCompare in workbench.view.extension.gitlensInspect
2023-09-19 18:17:53.257 [info] Added views:gitlens.views.commits,gitlens.views.branches,gitlens.views.remotes,gitlens.views.stashes,gitlens.views.tags,gitlens.views.contributors in workbench.view.scm
2023-09-19 18:17:53.257 [info] Added views:dockerContainers,dockerImages,dockerRegistries,dockerNetworks,dockerVolumes,vscode-docker.views.dockerContexts,vscode-docker.views.help in workbench.view.extension.dockerView
2023-09-19 18:17:53.484 [info] Added views:workbench.debug.variablesView,workbench.debug.watchExpressionsView,workbench.debug.callStackView,workbench.debug.breakPointsView in workbench.view.debug
2023-09-19 18:17:53.546 [info] Added views:workbench.panel.repl.view in workbench.panel.repl
2023-09-19 18:17:53.548 [info] Removed views:workbench.debug.breakPointsView,workbench.debug.callStackView,workbench.debug.watchExpressionsView,workbench.debug.variablesView from workbench.view.debug
2023-09-19 18:17:53.549 [info] Added views:workbench.debug.welcome in workbench.view.debug
2023-09-19 18:17:53.588 [info] Added views:~remote.forwardedPorts in ~remote.forwardedPortsContainer
2023-09-19 18:17:54.158 [info] Removed views:gitlens.views.searchAndCompare,gitlens.views.fileHistory,gitlens.views.lineHistory,gitlens.views.commitDetails from workbench.view.extension.gitlensInspect
2023-09-19 18:17:54.160 [info] Removed views:gitlens.views.contributors,gitlens.views.tags,gitlens.views.stashes,gitlens.views.remotes,gitlens.views.branches,gitlens.views.commits from workbench.view.scm
2023-09-19 18:17:54.395 [info] Added views:gitlens.views.commitDetails,gitlens.views.lineHistory,gitlens.views.fileHistory,gitlens.views.searchAndCompare in workbench.view.extension.gitlensInspect
2023-09-19 18:17:54.399 [info] Added views:gitlens.views.commits,gitlens.views.branches,gitlens.views.remotes,gitlens.views.stashes,gitlens.views.tags,gitlens.views.contributors in workbench.view.scm
2023-09-19 18:17:55.844 [info] Added views:gitlens.views.graph,gitlens.views.graphDetails in workbench.view.extension.gitlensPanel
2023-09-19 18:17:55.846 [info] Added views:gitlens.views.timeline in workbench.view.extension.gitlensInspect
2023-09-19 18:17:55.850 [info] Added views:gitlens.views.worktrees in workbench.view.scm
