2023-09-19 19:38:06.545 [info] Added views:workbench.panel.markers.view in workbench.panel.markers
2023-09-19 19:38:06.545 [info] Added views:workbench.panel.output in workbench.panel.output
2023-09-19 19:38:06.545 [info] Added views:terminal in terminal
2023-09-19 19:38:06.545 [info] Added views:outline in workbench.view.explorer
2023-09-19 19:38:06.545 [info] Added views:workbench.scm in workbench.view.scm
2023-09-19 19:38:06.545 [info] Added views:workbench.view.search in workbench.view.search
2023-09-19 19:38:06.545 [info] Added views:timeline in workbench.view.explorer
2023-09-19 19:38:06.545 [info] Added views:workbench.explorer.fileView in workbench.view.explorer
2023-09-19 19:38:07.024 [info] Added views:workbench.debug.variablesView,workbench.debug.watchExpressionsView,workbench.debug.callStackView,workbench.debug.breakPointsView in workbench.view.debug
2023-09-19 19:38:07.339 [info] Added views:gitlens.views.home,gitlens.views.workspaces,gitlens.views.account in workbench.view.extension.gitlens
2023-09-19 19:38:07.340 [info] Added views:gitlens.views.commitDetails,gitlens.views.lineHistory,gitlens.views.fileHistory,gitlens.views.searchAndCompare in workbench.view.extension.gitlensInspect
2023-09-19 19:38:07.341 [info] Added views:gitlens.views.commits,gitlens.views.branches,gitlens.views.remotes,gitlens.views.stashes,gitlens.views.tags,gitlens.views.contributors in workbench.view.scm
2023-09-19 19:38:07.341 [info] Added views:dockerContainers,dockerImages,dockerRegistries,dockerNetworks,dockerVolumes,vscode-docker.views.dockerContexts,vscode-docker.views.help in workbench.view.extension.dockerView
2023-09-19 19:38:07.651 [info] Added views:workbench.panel.repl.view in workbench.panel.repl
2023-09-19 19:38:07.651 [info] Removed views:workbench.debug.breakPointsView,workbench.debug.callStackView,workbench.debug.watchExpressionsView,workbench.debug.variablesView from workbench.view.debug
2023-09-19 19:38:07.652 [info] Added views:workbench.debug.welcome in workbench.view.debug
2023-09-19 19:38:11.299 [info] Removed views:gitlens.views.searchAndCompare,gitlens.views.fileHistory,gitlens.views.lineHistory,gitlens.views.commitDetails from workbench.view.extension.gitlensInspect
2023-09-19 19:38:11.304 [info] Removed views:gitlens.views.contributors,gitlens.views.tags,gitlens.views.stashes,gitlens.views.remotes,gitlens.views.branches,gitlens.views.commits from workbench.view.scm
2023-09-19 19:38:13.624 [info] Added views:~remote.forwardedPorts in ~remote.forwardedPortsContainer
2023-09-19 19:38:31.986 [info] Added views:workbench.panel.markers.view in workbench.panel.markers
2023-09-19 19:38:31.986 [info] Added views:workbench.panel.output in workbench.panel.output
2023-09-19 19:38:31.986 [info] Added views:terminal in terminal
2023-09-19 19:38:31.986 [info] Added views:outline in workbench.view.explorer
2023-09-19 19:38:31.986 [info] Added views:workbench.scm in workbench.view.scm
2023-09-19 19:38:31.986 [info] Added views:workbench.view.search in workbench.view.search
2023-09-19 19:38:31.986 [info] Added views:timeline in workbench.view.explorer
2023-09-19 19:38:31.986 [info] Added views:workbench.explorer.fileView in workbench.view.explorer
2023-09-19 19:38:32.237 [info] Added views:gitlens.views.home,gitlens.views.workspaces,gitlens.views.account in workbench.view.extension.gitlens
2023-09-19 19:38:32.238 [info] Added views:gitlens.views.commitDetails,gitlens.views.lineHistory,gitlens.views.fileHistory,gitlens.views.searchAndCompare in workbench.view.extension.gitlensInspect
2023-09-19 19:38:32.239 [info] Added views:gitlens.views.commits,gitlens.views.branches,gitlens.views.remotes,gitlens.views.stashes,gitlens.views.tags,gitlens.views.contributors in workbench.view.scm
2023-09-19 19:38:32.240 [info] Added views:dockerContainers,dockerImages,dockerRegistries,dockerNetworks,dockerVolumes,vscode-docker.views.dockerContexts,vscode-docker.views.help in workbench.view.extension.dockerView
2023-09-19 19:38:32.552 [info] Added views:workbench.debug.variablesView,workbench.debug.watchExpressionsView,workbench.debug.callStackView,workbench.debug.breakPointsView in workbench.view.debug
2023-09-19 19:38:32.623 [info] Added views:workbench.panel.repl.view in workbench.panel.repl
2023-09-19 19:38:32.627 [info] Removed views:workbench.debug.breakPointsView,workbench.debug.callStackView,workbench.debug.watchExpressionsView,workbench.debug.variablesView from workbench.view.debug
2023-09-19 19:38:32.628 [info] Added views:workbench.debug.welcome in workbench.view.debug
2023-09-19 19:38:32.768 [info] Added views:~remote.forwardedPorts in ~remote.forwardedPortsContainer
2023-09-19 19:38:33.634 [info] Removed views:gitlens.views.searchAndCompare,gitlens.views.fileHistory,gitlens.views.lineHistory,gitlens.views.commitDetails from workbench.view.extension.gitlensInspect
2023-09-19 19:38:33.636 [info] Removed views:gitlens.views.contributors,gitlens.views.tags,gitlens.views.stashes,gitlens.views.remotes,gitlens.views.branches,gitlens.views.commits from workbench.view.scm
2023-09-19 19:38:33.893 [info] Added views:gitlens.views.commitDetails,gitlens.views.lineHistory,gitlens.views.fileHistory,gitlens.views.searchAndCompare in workbench.view.extension.gitlensInspect
2023-09-19 19:38:33.897 [info] Added views:gitlens.views.commits,gitlens.views.branches,gitlens.views.remotes,gitlens.views.stashes,gitlens.views.tags,gitlens.views.contributors in workbench.view.scm
2023-09-19 19:38:40.802 [info] Added views:gitlens.views.graph,gitlens.views.graphDetails in workbench.view.extension.gitlensPanel
2023-09-19 19:38:40.802 [info] Added views:gitlens.views.timeline in workbench.view.extension.gitlensInspect
2023-09-19 19:38:40.817 [info] Added views:gitlens.views.worktrees in workbench.view.scm
2023-09-19 19:38:58.437 [info] Added views:workbench.panel.markers.view in workbench.panel.markers
2023-09-19 19:38:58.437 [info] Added views:workbench.panel.output in workbench.panel.output
2023-09-19 19:38:58.437 [info] Added views:terminal in terminal
2023-09-19 19:38:58.437 [info] Added views:outline in workbench.view.explorer
2023-09-19 19:38:58.437 [info] Added views:workbench.scm in workbench.view.scm
2023-09-19 19:38:58.437 [info] Added views:workbench.view.search in workbench.view.search
2023-09-19 19:38:58.437 [info] Added views:timeline in workbench.view.explorer
2023-09-19 19:38:58.437 [info] Added views:workbench.explorer.fileView in workbench.view.explorer
2023-09-19 19:38:58.742 [info] Added views:gitlens.views.home,gitlens.views.workspaces,gitlens.views.account in workbench.view.extension.gitlens
2023-09-19 19:38:58.743 [info] Added views:gitlens.views.commitDetails,gitlens.views.lineHistory,gitlens.views.fileHistory,gitlens.views.searchAndCompare in workbench.view.extension.gitlensInspect
2023-09-19 19:38:58.748 [info] Added views:gitlens.views.commits,gitlens.views.branches,gitlens.views.remotes,gitlens.views.stashes,gitlens.views.tags,gitlens.views.contributors in workbench.view.scm
2023-09-19 19:38:58.749 [info] Added views:dockerContainers,dockerImages,dockerRegistries,dockerNetworks,dockerVolumes,vscode-docker.views.dockerContexts,vscode-docker.views.help in workbench.view.extension.dockerView
2023-09-19 19:38:59.040 [info] Added views:workbench.debug.variablesView,workbench.debug.watchExpressionsView,workbench.debug.callStackView,workbench.debug.breakPointsView in workbench.view.debug
2023-09-19 19:38:59.072 [info] Added views:workbench.panel.repl.view in workbench.panel.repl
2023-09-19 19:38:59.073 [info] Removed views:workbench.debug.breakPointsView,workbench.debug.callStackView,workbench.debug.watchExpressionsView,workbench.debug.variablesView from workbench.view.debug
2023-09-19 19:38:59.074 [info] Added views:workbench.debug.welcome in workbench.view.debug
2023-09-19 19:38:59.444 [info] Added views:~remote.forwardedPorts in ~remote.forwardedPortsContainer
2023-09-19 19:38:59.878 [info] Removed views:gitlens.views.searchAndCompare,gitlens.views.fileHistory,gitlens.views.lineHistory,gitlens.views.commitDetails from workbench.view.extension.gitlensInspect
2023-09-19 19:38:59.880 [info] Removed views:gitlens.views.contributors,gitlens.views.tags,gitlens.views.stashes,gitlens.views.remotes,gitlens.views.branches,gitlens.views.commits from workbench.view.scm
2023-09-19 19:39:00.147 [info] Added views:gitlens.views.commitDetails,gitlens.views.lineHistory,gitlens.views.fileHistory,gitlens.views.searchAndCompare in workbench.view.extension.gitlensInspect
2023-09-19 19:39:00.151 [info] Added views:gitlens.views.commits,gitlens.views.branches,gitlens.views.remotes,gitlens.views.stashes,gitlens.views.tags,gitlens.views.contributors in workbench.view.scm
2023-09-19 19:39:02.077 [info] Added views:gitlens.views.graph,gitlens.views.graphDetails in workbench.view.extension.gitlensPanel
2023-09-19 19:39:02.086 [info] Added views:gitlens.views.timeline in workbench.view.extension.gitlensInspect
2023-09-19 19:39:02.106 [info] Added views:gitlens.views.worktrees in workbench.view.scm
