2023-09-19 19:01:48.581 [info] Added views:workbench.panel.markers.view in workbench.panel.markers
2023-09-19 19:01:48.581 [info] Added views:workbench.panel.output in workbench.panel.output
2023-09-19 19:01:48.581 [info] Added views:terminal in terminal
2023-09-19 19:01:48.581 [info] Added views:outline in workbench.view.explorer
2023-09-19 19:01:48.581 [info] Added views:workbench.scm in workbench.view.scm
2023-09-19 19:01:48.581 [info] Added views:workbench.view.search in workbench.view.search
2023-09-19 19:01:48.581 [info] Added views:timeline in workbench.view.explorer
2023-09-19 19:01:48.581 [info] Added views:workbench.explorer.fileView in workbench.view.explorer
2023-09-19 19:01:48.751 [info] Added views:workbench.debug.welcome in workbench.view.debug
2023-09-19 19:01:49.104 [info] Added views:gitlens.views.home,gitlens.views.workspaces,gitlens.views.account in workbench.view.extension.gitlens
2023-09-19 19:01:49.104 [info] Added views:gitlens.views.commitDetails,gitlens.views.lineHistory,gitlens.views.fileHistory,gitlens.views.searchAndCompare in workbench.view.extension.gitlensInspect
2023-09-19 19:01:49.105 [info] Added views:gitlens.views.commits,gitlens.views.branches,gitlens.views.remotes,gitlens.views.stashes,gitlens.views.tags,gitlens.views.contributors in workbench.view.scm
2023-09-19 19:01:49.106 [info] Added views:dockerContainers,dockerImages,dockerRegistries,dockerNetworks,dockerVolumes,vscode-docker.views.dockerContexts,vscode-docker.views.help in workbench.view.extension.dockerView
2023-09-19 19:01:49.481 [info] Added views:workbench.panel.repl.view in workbench.panel.repl
2023-09-19 19:01:50.331 [info] Removed views:gitlens.views.searchAndCompare,gitlens.views.fileHistory,gitlens.views.lineHistory,gitlens.views.commitDetails from workbench.view.extension.gitlensInspect
2023-09-19 19:01:50.331 [info] Removed views:gitlens.views.contributors,gitlens.views.tags,gitlens.views.stashes,gitlens.views.remotes,gitlens.views.branches,gitlens.views.commits from workbench.view.scm
2023-09-19 19:01:50.678 [info] Added views:~remote.forwardedPorts in ~remote.forwardedPortsContainer
2023-09-19 19:02:21.658 [info] Added views:workbench.views.extensions.installed,workbench.views.extensions.popular,extensions.recommendedList in workbench.view.extensions
2023-09-19 19:02:21.664 [info] Removed views:workbench.views.extensions.popular from workbench.view.extensions
2023-09-19 19:02:24.215 [info] Removed views:extensions.recommendedList,workbench.views.extensions.installed from workbench.view.extensions
2023-09-19 19:02:24.236 [info] Added views:workbench.views.extensions.marketplace in workbench.view.extensions
