2023-09-19 18:54:18.752 [info] Extension host with pid 119195 started
2023-09-19 18:54:18.752 [info] Skipping acquiring lock for /home/rzqh/.config/Code/User/workspaceStorage/bddfd59c190330730fbe4b6e714fd146.
2023-09-19 18:54:18.893 [info] ExtensionService#_doActivateExtension vscode.emmet, startup: false, activationEvent: 'onLanguage'
2023-09-19 18:54:18.960 [info] ExtensionService#_doActivateExtension vscode.git-base, startup: true, activationEvent: '*', root cause: vscode.git
2023-09-19 18:54:18.963 [info] ExtensionService#_doActivateExtension ecmel.vscode-html-css, startup: true, activationEvent: '*'
2023-09-19 18:54:18.996 [info] ExtensionService#_doActivateExtension formulahendry.auto-close-tag, startup: true, activationEvent: '*'
2023-09-19 18:54:18.998 [info] ExtensionService#_doActivateExtension formulahendry.auto-rename-tag, startup: true, activationEvent: '*'
2023-09-19 18:54:19.077 [info] ExtensionService#_doActivateExtension vscode.git, startup: true, activationEvent: '*'
2023-09-19 18:54:19.113 [info] ExtensionService#_doActivateExtension vscode.github, startup: true, activationEvent: '*'
2023-09-19 18:54:19.371 [info] Eager extensions activated
2023-09-19 18:54:19.435 [info] ExtensionService#_doActivateExtension vscode.debug-auto-launch, startup: false, activationEvent: 'onStartupFinished'
2023-09-19 18:54:19.437 [info] ExtensionService#_doActivateExtension vscode.merge-conflict, startup: false, activationEvent: 'onStartupFinished'
2023-09-19 18:54:19.446 [info] ExtensionService#_doActivateExtension bradlc.vscode-tailwindcss, startup: false, activationEvent: 'onStartupFinished'
2023-09-19 18:54:19.462 [info] ExtensionService#_doActivateExtension eamodio.gitlens, startup: false, activationEvent: 'onStartupFinished'
2023-09-19 18:54:19.517 [info] ExtensionService#_doActivateExtension esbenp.prettier-vscode, startup: false, activationEvent: 'onStartupFinished'
2023-09-19 18:54:19.562 [info] ExtensionService#_doActivateExtension ritwickdey.LiveServer, startup: false, activationEvent: 'onStartupFinished'
2023-09-19 18:54:20.011 [info] ExtensionService#_doActivateExtension vscode.github-authentication, startup: false, activationEvent: 'onAuthenticationRequest:github'
2023-09-19 18:54:20.078 [info] ExtensionService#_doActivateExtension vscode.microsoft-authentication, startup: false, activationEvent: 'onAuthenticationRequest:microsoft'
2023-09-19 18:54:48.317 [warning] TextEditor is closed/disposed
2023-09-19 18:55:16.979 [warning] TextEditor is closed/disposed
2023-09-19 18:55:21.844 [warning] TextEditor is closed/disposed
2023-09-19 18:55:23.538 [warning] TextEditor is closed/disposed
2023-09-19 18:55:43.942 [warning] TextEditor is closed/disposed
2023-09-19 18:55:47.226 [warning] TextEditor is closed/disposed
2023-09-19 18:55:58.720 [warning] TextEditor is closed/disposed
2023-09-19 18:56:07.700 [warning] TextEditor is closed/disposed
2023-09-19 18:58:34.564 [info] Extension host terminating: renderer closed the MessagePort
2023-09-19 18:58:34.610 [error] Canceled: Canceled
    at new h (/opt/visual-studio-code/resources/app/out/vs/workbench/api/node/extensionHostProcess.js:107:57382)
    at i.O (/opt/visual-studio-code/resources/app/out/vs/workbench/api/node/extensionHostProcess.js:116:10850)
    at Proxy.j.<computed>.T.charCodeAt.j.<computed> (/opt/visual-studio-code/resources/app/out/vs/workbench/api/node/extensionHostProcess.js:116:8289)
    at r.g (/opt/visual-studio-code/resources/app/out/vs/workbench/api/node/extensionHostProcess.js:107:82208)
    at r.executeCommand (/opt/visual-studio-code/resources/app/out/vs/workbench/api/node/extensionHostProcess.js:107:81646)
    at u.registerCommand.description (/opt/visual-studio-code/resources/app/out/vs/workbench/api/node/extensionHostProcess.js:107:80967)
    at r.h (/opt/visual-studio-code/resources/app/out/vs/workbench/api/node/extensionHostProcess.js:107:82744)
    at r.g (/opt/visual-studio-code/resources/app/out/vs/workbench/api/node/extensionHostProcess.js:107:81739)
    at r.executeCommand (/opt/visual-studio-code/resources/app/out/vs/workbench/api/node/extensionHostProcess.js:107:81646)
    at Object.executeCommand (/opt/visual-studio-code/resources/app/out/vs/workbench/api/node/extensionHostProcess.js:122:21247)
    at w (/home/rzqh/.vscode/extensions/eamodio.gitlens-14.3.0/dist/gitlens.js:1:964727)
    at c (/home/rzqh/.vscode/extensions/eamodio.gitlens-14.3.0/dist/gitlens.js:1:969355)
    at ActionRunners._updateContextKeys (/home/rzqh/.vscode/extensions/eamodio.gitlens-14.3.0/dist/gitlens.js:1:38282)
    at s (/home/rzqh/.vscode/extensions/eamodio.gitlens-14.3.0/dist/gitlens.js:1:36701)
    at RegisteredActionRunner.unregister (/home/rzqh/.vscode/extensions/eamodio.gitlens-14.3.0/dist/gitlens.js:1:36845)
    at RegisteredActionRunner.dispose (/home/rzqh/.vscode/extensions/eamodio.gitlens-14.3.0/dist/gitlens.js:1:35508)
    at ActionRunners.dispose (/home/rzqh/.vscode/extensions/eamodio.gitlens-14.3.0/dist/gitlens.js:1:36287)
    at /home/rzqh/.vscode/extensions/eamodio.gitlens-14.3.0/dist/gitlens.js:1:685943
    at Array.forEach (<anonymous>)
    at Object.dispose (/home/rzqh/.vscode/extensions/eamodio.gitlens-14.3.0/dist/gitlens.js:1:685928)
    at k (/opt/visual-studio-code/resources/app/out/vs/workbench/api/node/extensionHostProcess.js:13:11730)
    at n.Z (/opt/visual-studio-code/resources/app/out/vs/workbench/api/node/extensionHostProcess.js:118:9652)
    at /opt/visual-studio-code/resources/app/out/vs/workbench/api/node/extensionHostProcess.js:118:7585
    at Array.map (<anonymous>)
    at n.S (/opt/visual-studio-code/resources/app/out/vs/workbench/api/node/extensionHostProcess.js:118:7572)
    at n.terminate (/opt/visual-studio-code/resources/app/out/vs/workbench/api/node/extensionHostProcess.js:118:7844)
    at o.terminate (/opt/visual-studio-code/resources/app/out/vs/workbench/api/node/extensionHostProcess.js:122:1513)
    at D (/opt/visual-studio-code/resources/app/out/vs/workbench/api/node/extensionHostProcess.js:135:9800)
    at MessagePortMain.<anonymous> (/opt/visual-studio-code/resources/app/out/vs/workbench/api/node/extensionHostProcess.js:135:6225)
    at MessagePortMain.emit (node:events:513:28)
    at Object.MessagePortMain._internalPort.emit (node:electron/js2c/utility_init:2:367) setContext undefined
2023-09-19 18:58:34.612 [error] Canceled: Canceled
    at new h (/opt/visual-studio-code/resources/app/out/vs/workbench/api/node/extensionHostProcess.js:107:57382)
    at i.O (/opt/visual-studio-code/resources/app/out/vs/workbench/api/node/extensionHostProcess.js:116:10850)
    at Proxy.j.<computed>.T.charCodeAt.j.<computed> (/opt/visual-studio-code/resources/app/out/vs/workbench/api/node/extensionHostProcess.js:116:8289)
    at r.g (/opt/visual-studio-code/resources/app/out/vs/workbench/api/node/extensionHostProcess.js:107:82208)
    at r.executeCommand (/opt/visual-studio-code/resources/app/out/vs/workbench/api/node/extensionHostProcess.js:107:81646)
    at u.registerCommand.description (/opt/visual-studio-code/resources/app/out/vs/workbench/api/node/extensionHostProcess.js:107:80967)
    at r.h (/opt/visual-studio-code/resources/app/out/vs/workbench/api/node/extensionHostProcess.js:107:82744)
    at r.g (/opt/visual-studio-code/resources/app/out/vs/workbench/api/node/extensionHostProcess.js:107:81739)
    at r.executeCommand (/opt/visual-studio-code/resources/app/out/vs/workbench/api/node/extensionHostProcess.js:107:81646)
    at Object.executeCommand (/opt/visual-studio-code/resources/app/out/vs/workbench/api/node/extensionHostProcess.js:122:21247)
    at w (/home/rzqh/.vscode/extensions/eamodio.gitlens-14.3.0/dist/gitlens.js:1:964727)
    at c (/home/rzqh/.vscode/extensions/eamodio.gitlens-14.3.0/dist/gitlens.js:1:969355)
    at ActionRunners._updateContextKeys (/home/rzqh/.vscode/extensions/eamodio.gitlens-14.3.0/dist/gitlens.js:1:38282)
    at s (/home/rzqh/.vscode/extensions/eamodio.gitlens-14.3.0/dist/gitlens.js:1:36701)
    at RegisteredActionRunner.unregister (/home/rzqh/.vscode/extensions/eamodio.gitlens-14.3.0/dist/gitlens.js:1:36845)
    at RegisteredActionRunner.dispose (/home/rzqh/.vscode/extensions/eamodio.gitlens-14.3.0/dist/gitlens.js:1:35508)
    at ActionRunners.dispose (/home/rzqh/.vscode/extensions/eamodio.gitlens-14.3.0/dist/gitlens.js:1:36287)
    at /home/rzqh/.vscode/extensions/eamodio.gitlens-14.3.0/dist/gitlens.js:1:685943
    at Array.forEach (<anonymous>)
    at Object.dispose (/home/rzqh/.vscode/extensions/eamodio.gitlens-14.3.0/dist/gitlens.js:1:685928)
    at k (/opt/visual-studio-code/resources/app/out/vs/workbench/api/node/extensionHostProcess.js:13:11730)
    at n.Z (/opt/visual-studio-code/resources/app/out/vs/workbench/api/node/extensionHostProcess.js:118:9652)
    at /opt/visual-studio-code/resources/app/out/vs/workbench/api/node/extensionHostProcess.js:118:7585
    at Array.map (<anonymous>)
    at n.S (/opt/visual-studio-code/resources/app/out/vs/workbench/api/node/extensionHostProcess.js:118:7572)
    at n.terminate (/opt/visual-studio-code/resources/app/out/vs/workbench/api/node/extensionHostProcess.js:118:7844)
    at o.terminate (/opt/visual-studio-code/resources/app/out/vs/workbench/api/node/extensionHostProcess.js:122:1513)
    at D (/opt/visual-studio-code/resources/app/out/vs/workbench/api/node/extensionHostProcess.js:135:9800)
    at MessagePortMain.<anonymous> (/opt/visual-studio-code/resources/app/out/vs/workbench/api/node/extensionHostProcess.js:135:6225)
    at MessagePortMain.emit (node:events:513:28)
    at Object.MessagePortMain._internalPort.emit (node:electron/js2c/utility_init:2:367) setContext undefined
2023-09-19 18:58:34.614 [error] Canceled: Canceled
    at new h (/opt/visual-studio-code/resources/app/out/vs/workbench/api/node/extensionHostProcess.js:107:57382)
    at i.O (/opt/visual-studio-code/resources/app/out/vs/workbench/api/node/extensionHostProcess.js:116:10850)
    at Proxy.j.<computed>.T.charCodeAt.j.<computed> (/opt/visual-studio-code/resources/app/out/vs/workbench/api/node/extensionHostProcess.js:116:8289)
    at r.g (/opt/visual-studio-code/resources/app/out/vs/workbench/api/node/extensionHostProcess.js:107:82208)
    at r.executeCommand (/opt/visual-studio-code/resources/app/out/vs/workbench/api/node/extensionHostProcess.js:107:81646)
    at u.registerCommand.description (/opt/visual-studio-code/resources/app/out/vs/workbench/api/node/extensionHostProcess.js:107:80967)
    at r.h (/opt/visual-studio-code/resources/app/out/vs/workbench/api/node/extensionHostProcess.js:107:82744)
    at r.g (/opt/visual-studio-code/resources/app/out/vs/workbench/api/node/extensionHostProcess.js:107:81739)
    at r.executeCommand (/opt/visual-studio-code/resources/app/out/vs/workbench/api/node/extensionHostProcess.js:107:81646)
    at Object.executeCommand (/opt/visual-studio-code/resources/app/out/vs/workbench/api/node/extensionHostProcess.js:122:21247)
    at w (/home/rzqh/.vscode/extensions/eamodio.gitlens-14.3.0/dist/gitlens.js:1:964727)
    at c (/home/rzqh/.vscode/extensions/eamodio.gitlens-14.3.0/dist/gitlens.js:1:969355)
    at ActionRunners._updateContextKeys (/home/rzqh/.vscode/extensions/eamodio.gitlens-14.3.0/dist/gitlens.js:1:38282)
    at s (/home/rzqh/.vscode/extensions/eamodio.gitlens-14.3.0/dist/gitlens.js:1:36701)
    at RegisteredActionRunner.unregister (/home/rzqh/.vscode/extensions/eamodio.gitlens-14.3.0/dist/gitlens.js:1:36845)
    at RegisteredActionRunner.dispose (/home/rzqh/.vscode/extensions/eamodio.gitlens-14.3.0/dist/gitlens.js:1:35508)
    at ActionRunners.dispose (/home/rzqh/.vscode/extensions/eamodio.gitlens-14.3.0/dist/gitlens.js:1:36287)
    at /home/rzqh/.vscode/extensions/eamodio.gitlens-14.3.0/dist/gitlens.js:1:685943
    at Array.forEach (<anonymous>)
    at Object.dispose (/home/rzqh/.vscode/extensions/eamodio.gitlens-14.3.0/dist/gitlens.js:1:685928)
    at k (/opt/visual-studio-code/resources/app/out/vs/workbench/api/node/extensionHostProcess.js:13:11730)
    at n.Z (/opt/visual-studio-code/resources/app/out/vs/workbench/api/node/extensionHostProcess.js:118:9652)
    at /opt/visual-studio-code/resources/app/out/vs/workbench/api/node/extensionHostProcess.js:118:7585
    at Array.map (<anonymous>)
    at n.S (/opt/visual-studio-code/resources/app/out/vs/workbench/api/node/extensionHostProcess.js:118:7572)
    at n.terminate (/opt/visual-studio-code/resources/app/out/vs/workbench/api/node/extensionHostProcess.js:118:7844)
    at o.terminate (/opt/visual-studio-code/resources/app/out/vs/workbench/api/node/extensionHostProcess.js:122:1513)
    at D (/opt/visual-studio-code/resources/app/out/vs/workbench/api/node/extensionHostProcess.js:135:9800)
    at MessagePortMain.<anonymous> (/opt/visual-studio-code/resources/app/out/vs/workbench/api/node/extensionHostProcess.js:135:6225)
    at MessagePortMain.emit (node:events:513:28)
    at Object.MessagePortMain._internalPort.emit (node:electron/js2c/utility_init:2:367) setContext undefined
2023-09-19 18:58:34.615 [error] Canceled: Canceled
    at new h (/opt/visual-studio-code/resources/app/out/vs/workbench/api/node/extensionHostProcess.js:107:57382)
    at i.O (/opt/visual-studio-code/resources/app/out/vs/workbench/api/node/extensionHostProcess.js:116:10850)
    at Proxy.j.<computed>.T.charCodeAt.j.<computed> (/opt/visual-studio-code/resources/app/out/vs/workbench/api/node/extensionHostProcess.js:116:8289)
    at r.g (/opt/visual-studio-code/resources/app/out/vs/workbench/api/node/extensionHostProcess.js:107:82208)
    at r.executeCommand (/opt/visual-studio-code/resources/app/out/vs/workbench/api/node/extensionHostProcess.js:107:81646)
    at u.registerCommand.description (/opt/visual-studio-code/resources/app/out/vs/workbench/api/node/extensionHostProcess.js:107:80967)
    at r.h (/opt/visual-studio-code/resources/app/out/vs/workbench/api/node/extensionHostProcess.js:107:82744)
    at r.g (/opt/visual-studio-code/resources/app/out/vs/workbench/api/node/extensionHostProcess.js:107:81739)
    at r.executeCommand (/opt/visual-studio-code/resources/app/out/vs/workbench/api/node/extensionHostProcess.js:107:81646)
    at Object.executeCommand (/opt/visual-studio-code/resources/app/out/vs/workbench/api/node/extensionHostProcess.js:122:21247)
    at w (/home/rzqh/.vscode/extensions/eamodio.gitlens-14.3.0/dist/gitlens.js:1:964727)
    at c (/home/rzqh/.vscode/extensions/eamodio.gitlens-14.3.0/dist/gitlens.js:1:969355)
    at ActionRunners._updateContextKeys (/home/rzqh/.vscode/extensions/eamodio.gitlens-14.3.0/dist/gitlens.js:1:38282)
    at s (/home/rzqh/.vscode/extensions/eamodio.gitlens-14.3.0/dist/gitlens.js:1:36701)
    at RegisteredActionRunner.unregister (/home/rzqh/.vscode/extensions/eamodio.gitlens-14.3.0/dist/gitlens.js:1:36845)
    at RegisteredActionRunner.dispose (/home/rzqh/.vscode/extensions/eamodio.gitlens-14.3.0/dist/gitlens.js:1:35508)
    at Object.dispose (/home/rzqh/.vscode/extensions/eamodio.gitlens-14.3.0/dist/gitlens.js:1:36942)
    at k (/opt/visual-studio-code/resources/app/out/vs/workbench/api/node/extensionHostProcess.js:13:11730)
    at n.Z (/opt/visual-studio-code/resources/app/out/vs/workbench/api/node/extensionHostProcess.js:118:9652)
    at /opt/visual-studio-code/resources/app/out/vs/workbench/api/node/extensionHostProcess.js:118:7585
    at Array.map (<anonymous>)
    at n.S (/opt/visual-studio-code/resources/app/out/vs/workbench/api/node/extensionHostProcess.js:118:7572)
    at n.terminate (/opt/visual-studio-code/resources/app/out/vs/workbench/api/node/extensionHostProcess.js:118:7844)
    at o.terminate (/opt/visual-studio-code/resources/app/out/vs/workbench/api/node/extensionHostProcess.js:122:1513)
    at D (/opt/visual-studio-code/resources/app/out/vs/workbench/api/node/extensionHostProcess.js:135:9800)
    at MessagePortMain.<anonymous> (/opt/visual-studio-code/resources/app/out/vs/workbench/api/node/extensionHostProcess.js:135:6225)
    at MessagePortMain.emit (node:events:513:28)
    at Object.MessagePortMain._internalPort.emit (node:electron/js2c/utility_init:2:367) setContext undefined
2023-09-19 18:58:34.617 [error] Canceled: Canceled
    at new h (/opt/visual-studio-code/resources/app/out/vs/workbench/api/node/extensionHostProcess.js:107:57382)
    at i.O (/opt/visual-studio-code/resources/app/out/vs/workbench/api/node/extensionHostProcess.js:116:10850)
    at Proxy.j.<computed>.T.charCodeAt.j.<computed> (/opt/visual-studio-code/resources/app/out/vs/workbench/api/node/extensionHostProcess.js:116:8289)
    at r.g (/opt/visual-studio-code/resources/app/out/vs/workbench/api/node/extensionHostProcess.js:107:82208)
    at r.executeCommand (/opt/visual-studio-code/resources/app/out/vs/workbench/api/node/extensionHostProcess.js:107:81646)
    at u.registerCommand.description (/opt/visual-studio-code/resources/app/out/vs/workbench/api/node/extensionHostProcess.js:107:80967)
    at r.h (/opt/visual-studio-code/resources/app/out/vs/workbench/api/node/extensionHostProcess.js:107:82744)
    at r.g (/opt/visual-studio-code/resources/app/out/vs/workbench/api/node/extensionHostProcess.js:107:81739)
    at r.executeCommand (/opt/visual-studio-code/resources/app/out/vs/workbench/api/node/extensionHostProcess.js:107:81646)
    at Object.executeCommand (/opt/visual-studio-code/resources/app/out/vs/workbench/api/node/extensionHostProcess.js:122:21247)
    at w (/home/rzqh/.vscode/extensions/eamodio.gitlens-14.3.0/dist/gitlens.js:1:964727)
    at c (/home/rzqh/.vscode/extensions/eamodio.gitlens-14.3.0/dist/gitlens.js:1:969355)
    at ActionRunners._updateContextKeys (/home/rzqh/.vscode/extensions/eamodio.gitlens-14.3.0/dist/gitlens.js:1:38282)
    at s (/home/rzqh/.vscode/extensions/eamodio.gitlens-14.3.0/dist/gitlens.js:1:36701)
    at RegisteredActionRunner.unregister (/home/rzqh/.vscode/extensions/eamodio.gitlens-14.3.0/dist/gitlens.js:1:36845)
    at RegisteredActionRunner.dispose (/home/rzqh/.vscode/extensions/eamodio.gitlens-14.3.0/dist/gitlens.js:1:35508)
    at Object.dispose (/home/rzqh/.vscode/extensions/eamodio.gitlens-14.3.0/dist/gitlens.js:1:36942)
    at k (/opt/visual-studio-code/resources/app/out/vs/workbench/api/node/extensionHostProcess.js:13:11730)
    at n.Z (/opt/visual-studio-code/resources/app/out/vs/workbench/api/node/extensionHostProcess.js:118:9652)
    at /opt/visual-studio-code/resources/app/out/vs/workbench/api/node/extensionHostProcess.js:118:7585
    at Array.map (<anonymous>)
    at n.S (/opt/visual-studio-code/resources/app/out/vs/workbench/api/node/extensionHostProcess.js:118:7572)
    at n.terminate (/opt/visual-studio-code/resources/app/out/vs/workbench/api/node/extensionHostProcess.js:118:7844)
    at o.terminate (/opt/visual-studio-code/resources/app/out/vs/workbench/api/node/extensionHostProcess.js:122:1513)
    at D (/opt/visual-studio-code/resources/app/out/vs/workbench/api/node/extensionHostProcess.js:135:9800)
    at MessagePortMain.<anonymous> (/opt/visual-studio-code/resources/app/out/vs/workbench/api/node/extensionHostProcess.js:135:6225)
    at MessagePortMain.emit (node:events:513:28)
    at Object.MessagePortMain._internalPort.emit (node:electron/js2c/utility_init:2:367) setContext undefined
2023-09-19 18:58:34.621 [error] Canceled: Canceled
    at new h (/opt/visual-studio-code/resources/app/out/vs/workbench/api/node/extensionHostProcess.js:107:57382)
    at i.O (/opt/visual-studio-code/resources/app/out/vs/workbench/api/node/extensionHostProcess.js:116:10850)
    at Proxy.j.<computed>.T.charCodeAt.j.<computed> (/opt/visual-studio-code/resources/app/out/vs/workbench/api/node/extensionHostProcess.js:116:8289)
    at r.g (/opt/visual-studio-code/resources/app/out/vs/workbench/api/node/extensionHostProcess.js:107:82208)
    at r.executeCommand (/opt/visual-studio-code/resources/app/out/vs/workbench/api/node/extensionHostProcess.js:107:81646)
    at u.registerCommand.description (/opt/visual-studio-code/resources/app/out/vs/workbench/api/node/extensionHostProcess.js:107:80967)
    at r.h (/opt/visual-studio-code/resources/app/out/vs/workbench/api/node/extensionHostProcess.js:107:82744)
    at r.g (/opt/visual-studio-code/resources/app/out/vs/workbench/api/node/extensionHostProcess.js:107:81739)
    at r.executeCommand (/opt/visual-studio-code/resources/app/out/vs/workbench/api/node/extensionHostProcess.js:107:81646)
    at Object.executeCommand (/opt/visual-studio-code/resources/app/out/vs/workbench/api/node/extensionHostProcess.js:122:21247)
    at w (/home/rzqh/.vscode/extensions/eamodio.gitlens-14.3.0/dist/gitlens.js:1:964727)
    at c (/home/rzqh/.vscode/extensions/eamodio.gitlens-14.3.0/dist/gitlens.js:1:969355)
    at ActionRunners._updateContextKeys (/home/rzqh/.vscode/extensions/eamodio.gitlens-14.3.0/dist/gitlens.js:1:38282)
    at s (/home/rzqh/.vscode/extensions/eamodio.gitlens-14.3.0/dist/gitlens.js:1:36701)
    at RegisteredActionRunner.unregister (/home/rzqh/.vscode/extensions/eamodio.gitlens-14.3.0/dist/gitlens.js:1:36845)
    at RegisteredActionRunner.dispose (/home/rzqh/.vscode/extensions/eamodio.gitlens-14.3.0/dist/gitlens.js:1:35508)
    at Object.dispose (/home/rzqh/.vscode/extensions/eamodio.gitlens-14.3.0/dist/gitlens.js:1:36942)
    at k (/opt/visual-studio-code/resources/app/out/vs/workbench/api/node/extensionHostProcess.js:13:11730)
    at n.Z (/opt/visual-studio-code/resources/app/out/vs/workbench/api/node/extensionHostProcess.js:118:9652)
    at /opt/visual-studio-code/resources/app/out/vs/workbench/api/node/extensionHostProcess.js:118:7585
    at Array.map (<anonymous>)
    at n.S (/opt/visual-studio-code/resources/app/out/vs/workbench/api/node/extensionHostProcess.js:118:7572)
    at n.terminate (/opt/visual-studio-code/resources/app/out/vs/workbench/api/node/extensionHostProcess.js:118:7844)
    at o.terminate (/opt/visual-studio-code/resources/app/out/vs/workbench/api/node/extensionHostProcess.js:122:1513)
    at D (/opt/visual-studio-code/resources/app/out/vs/workbench/api/node/extensionHostProcess.js:135:9800)
    at MessagePortMain.<anonymous> (/opt/visual-studio-code/resources/app/out/vs/workbench/api/node/extensionHostProcess.js:135:6225)
    at MessagePortMain.emit (node:events:513:28)
    at Object.MessagePortMain._internalPort.emit (node:electron/js2c/utility_init:2:367) setContext undefined
2023-09-19 18:58:39.591 [info] Extension host with pid 119195 exiting with code 0
