2023-09-16 22:37:27.682 [info] Extension host with pid 16172 started
2023-09-16 22:37:27.774 [info] ExtensionService#_doActivateExtension vscode.emmet, startup: false, activationEvent: 'onLanguage'
2023-09-16 22:37:27.779 [info] ExtensionService#_doActivateExtension vscode.extension-editing, startup: false, activationEvent: 'onLanguage:markdown'
2023-09-16 22:37:27.782 [info] ExtensionService#_doActivateExtension vscode.markdown-language-features, startup: false, activationEvent: 'onLanguage:markdown'
2023-09-16 22:37:28.254 [info] ExtensionService#_doActivateExtension vscode.git-base, startup: true, activationEvent: '*', root cause: vscode.git
2023-09-16 22:37:28.292 [info] ExtensionService#_doActivateExtension vscode.markdown-math, startup: false, activationEvent: 'api', root cause: vscode.markdown-language-features
2023-09-16 22:37:28.298 [info] ExtensionService#_doActivateExtension vscode.git, startup: true, activationEvent: '*'
2023-09-16 22:37:28.320 [info] ExtensionService#_doActivateExtension vscode.github, startup: true, activationEvent: '*'
2023-09-16 22:37:28.396 [info] Eager extensions activated
2023-09-16 22:37:28.421 [info] ExtensionService#_doActivateExtension vscode.debug-auto-launch, startup: false, activationEvent: 'onStartupFinished'
2023-09-16 22:37:28.423 [info] ExtensionService#_doActivateExtension vscode.merge-conflict, startup: false, activationEvent: 'onStartupFinished'
2023-09-16 22:37:28.603 [info] ExtensionService#_doActivateExtension vscode.github-authentication, startup: false, activationEvent: 'onAuthenticationRequest:github'
2023-09-16 22:37:28.661 [info] ExtensionService#_doActivateExtension vscode.microsoft-authentication, startup: false, activationEvent: 'onAuthenticationRequest:microsoft'
2023-09-16 22:37:29.590 [info] Extension host terminating: renderer closed the MessagePort
2023-09-16 22:37:29.629 [error] ProxyResolver#resolveProxy undefined Canceled: Canceled
	at new h (/opt/visual-studio-code/resources/app/out/vs/workbench/api/node/extensionHostProcess.js:107:57382)
	at i.O (/opt/visual-studio-code/resources/app/out/vs/workbench/api/node/extensionHostProcess.js:116:10850)
	at j.<computed>.T.charCodeAt.j.<computed> (/opt/visual-studio-code/resources/app/out/vs/workbench/api/node/extensionHostProcess.js:116:8289)
	at p.resolveProxy (/opt/visual-studio-code/resources/app/out/vs/workbench/api/node/extensionHostProcess.js:117:19663)
	at Object.resolveProxy (/opt/visual-studio-code/resources/app/out/vs/workbench/api/node/extensionHostProcess.js:99:18172)
	at useProxySettings (/opt/visual-studio-code/resources/app/node_modules.asar/@vscode/proxy-agent/out/index.js:165:16)
	at /opt/visual-studio-code/resources/app/node_modules.asar/@vscode/proxy-agent/out/index.js:113:13
	at /opt/visual-studio-code/resources/app/node_modules.asar/@vscode/proxy-agent/out/index.js:450:13 
2023-09-16 22:37:34.599 [info] Extension host with pid 16172 exiting with code 0
